<?xml version="1.0" encoding="UTF-8"?>
<robot generator="Robot 7.0.1 (Python 3.12.5 on win32)" generated="2024-09-19T16:32:52.270699" rpa="false" schemaversion="5">
<suite id="s1" name="Poc 5 1 7" source="C:\Users\AtiwitK\Documents\GitHub\BankOfThailand\poc-robotframework\botshare\5_1_7\poc_5_1_7.robot">
<test id="s1-t1" name="5.1.7 การดึงข้อมูลตารางจาก Web ที่เป็นตาราง (in memory ,File)" line="11">
<kw name="New Browser" owner="Browser">
<msg time="2024-09-19T16:32:57.722874" level="INFO">{"browser": "chromium", "headless": true, "chromiumSandbox": false, "devtools": false, "handleSIGHUP": true, "handleSIGINT": true, "handleSIGTERM": true, "slowMo": 0.0, "timeout": 30000.0, "tracesDir": "C:\\Users\\AtiwitK\\Documents\\GitHub\\BankOfThailand\\poc-robotframework\\botshare\\5_1_7\\browser\\traces\\da859b1e-6681-49e2-aedc-6747a66aa837"}</msg>
<msg time="2024-09-19T16:32:59.522644" level="INFO">Successfully created browser with options: {"browser":"chromium","headless":true,"chromiumSandbox":false,"devtools":false,"handleSIGHUP":true,"handleSIGINT":true,"handleSIGTERM":true,"slowMo":0,"timeout":30000,"tracesDir":"C:\\Users\\AtiwitK\\Documents\\GitHub\\BankOfThailand\\poc-robotframework\\botshare\\5_1_7\\browser\\traces\\da859b1e-6681-49e2-aedc-6747a66aa837"}</msg>
<arg>chromium</arg>
<arg>headless=True</arg>
<tag>BrowserControl</tag>
<tag>Setter</tag>
<doc>Create a new playwright Browser with specified options.</doc>
<status status="PASS" start="2024-09-19T16:32:57.721876" elapsed="1.800768"/>
</kw>
<kw name="Set Browser Timeout" owner="Browser">
<msg time="2024-09-19T16:32:59.537667" level="INFO">No context open.</msg>
<arg>30 seconds</arg>
<tag>Config</tag>
<tag>Setter</tag>
<doc>Sets the timeout used by most input and getter keywords.</doc>
<status status="PASS" start="2024-09-19T16:32:59.537667" elapsed="0.000000"/>
</kw>
<kw name="New Page" owner="Browser">
<msg time="2024-09-19T16:33:03.330344" level="INFO">Successfully initialized new page object and opened url: https://botdrm2-wb-d.bot.or.th/BOTDRM_Portal/Fileplan?classUri=37010</msg>
<msg time="2024-09-19T16:33:03.330344" level="INFO">No context was open. New context was automatically opened when this page is created.</msg>
<arg>${URL}</arg>
<tag>BrowserControl</tag>
<tag>Setter</tag>
<doc>Open a new Page.</doc>
<status status="PASS" start="2024-09-19T16:32:59.537667" elapsed="3.792677"/>
</kw>
<kw name="Click create folder">
<kw name="Wait For Elements State" owner="Browser">
<msg time="2024-09-19T16:33:04.122837" level="INFO">Waited for Element with selector xpath=//*[@id="divBreadCrumb"]/nav/ol/li[4]/button at state visible</msg>
<arg>xpath=//*[@id="divBreadCrumb"]/nav/ol/li[4]/button</arg>
<arg>visible</arg>
<tag>PageContent</tag>
<tag>Wait</tag>
<doc>Waits for the element found by ``selector`` to satisfy state option.</doc>
<status status="PASS" start="2024-09-19T16:33:03.334346" elapsed="0.791941"/>
</kw>
<kw name="Click" owner="Browser">
<msg time="2024-09-19T16:33:04.126287" level="INFO">Clicks the element 'xpath=//*[@id="divBreadCrumb"]/nav/ol/li[4]/button'.</msg>
<arg>xpath=//*[@id="divBreadCrumb"]/nav/ol/li[4]/button</arg>
<tag>PageContent</tag>
<tag>Setter</tag>
<doc>Simulates mouse click on the element found by ``selector``.</doc>
<status status="PASS" start="2024-09-19T16:33:04.126287" elapsed="0.647702"/>
</kw>
<kw name="Wait For Elements State" owner="Browser">
<msg time="2024-09-19T16:33:04.785989" level="INFO">Waited for Element with selector xpath=//div[@class="dropdown-menu show"]/a/span[text()="Electronic Folder"] at state visible</msg>
<arg>xpath=//div[@class="dropdown-menu show"]/a/span[text()="Electronic Folder"]</arg>
<arg>visible</arg>
<tag>PageContent</tag>
<tag>Wait</tag>
<doc>Waits for the element found by ``selector`` to satisfy state option.</doc>
<status status="PASS" start="2024-09-19T16:33:04.774989" elapsed="0.012005"/>
</kw>
<kw name="Click" owner="Browser">
<msg time="2024-09-19T16:33:04.786994" level="INFO">Clicks the element 'xpath=//div[@class="dropdown-menu show"]/a/span[text()="Electronic Folder"]'.</msg>
<arg>xpath=//div[@class="dropdown-menu show"]/a/span[text()="Electronic Folder"]</arg>
<tag>PageContent</tag>
<tag>Setter</tag>
<doc>Simulates mouse click on the element found by ``selector``.</doc>
<status status="PASS" start="2024-09-19T16:33:04.786994" elapsed="0.063407"/>
</kw>
<status status="PASS" start="2024-09-19T16:33:03.334346" elapsed="1.516055"/>
</kw>
<kw name="Create Electronic Folder">
<kw name="Get Element" owner="Browser">
<msg time="2024-09-19T16:33:04.861582" level="INFO">Locator found successfully.</msg>
<msg time="2024-09-19T16:33:04.861582" level="INFO">${title_textfield} = xpath=//div[@class="modal-body"]/..//input[@id="Title"]</msg>
<var>${title_textfield}</var>
<arg>xpath=//div[@class="modal-body"]/..//input[@id="Title"]</arg>
<tag>Getter</tag>
<tag>PageContent</tag>
<doc>Returns a reference to a Playwright [https://playwright.dev/docs/api/class-locator|Locator].</doc>
<status status="PASS" start="2024-09-19T16:33:04.851423" elapsed="0.010159"/>
</kw>
<kw name="Wait For Elements State" owner="Browser">
<msg time="2024-09-19T16:33:05.589650" level="INFO">Waited for Element with selector xpath=//div[@class="modal-body"]/..//input[@id="Title"] at state visible</msg>
<arg>${title_textfield}</arg>
<arg>visible</arg>
<tag>PageContent</tag>
<tag>Wait</tag>
<doc>Waits for the element found by ``selector`` to satisfy state option.</doc>
<status status="PASS" start="2024-09-19T16:33:04.861582" elapsed="0.728068"/>
</kw>
<kw name="Fill Text" owner="Browser">
<msg time="2024-09-19T16:33:05.590649" level="INFO">Fills the text 'Test create folder' in the given field.</msg>
<arg>${title_textfield}</arg>
<arg>${title}</arg>
<tag>PageContent</tag>
<tag>Setter</tag>
<doc>Clears and fills the given ``txt`` into the text field found by ``selector``.</doc>
<status status="PASS" start="2024-09-19T16:33:05.590649" elapsed="0.023001"/>
</kw>
<kw name="Get Element" owner="Browser">
<msg time="2024-09-19T16:33:05.621649" level="INFO">Locator found successfully.</msg>
<msg time="2024-09-19T16:33:05.622648" level="INFO">${owner_dropdown} = xpath=//div[@class="modal-body"]/..//span[@class="selection"]/span[@aria-labelledby="select2-OwnerLocationUri-container"]</msg>
<var>${owner_dropdown}</var>
<arg>xpath=//div[@class="modal-body"]/..//span[@class="selection"]/span[@aria-labelledby="select2-OwnerLocationUri-container"]</arg>
<tag>Getter</tag>
<tag>PageContent</tag>
<doc>Returns a reference to a Playwright [https://playwright.dev/docs/api/class-locator|Locator].</doc>
<status status="PASS" start="2024-09-19T16:33:05.613650" elapsed="0.008998"/>
</kw>
<kw name="Wait For Elements State" owner="Browser">
<msg time="2024-09-19T16:33:05.634811" level="INFO">Waited for Element with selector xpath=//div[@class="modal-body"]/..//span[@class="selection"]/span[@aria-labelledby="select2-OwnerLocationUri-container"] at state visible</msg>
<arg>${owner_dropdown}</arg>
<arg>visible</arg>
<tag>PageContent</tag>
<tag>Wait</tag>
<doc>Waits for the element found by ``selector`` to satisfy state option.</doc>
<status status="PASS" start="2024-09-19T16:33:05.622648" elapsed="0.012163"/>
</kw>
<kw name="Click" owner="Browser">
<msg time="2024-09-19T16:33:05.635812" level="INFO">Clicks the element 'xpath=//div[@class="modal-body"]/..//span[@class="selection"]/span[@aria-labelledby="select2-OwnerLocationUri-container"]'.</msg>
<arg>${owner_dropdown}</arg>
<tag>PageContent</tag>
<tag>Setter</tag>
<doc>Simulates mouse click on the element found by ``selector``.</doc>
<status status="PASS" start="2024-09-19T16:33:05.634811" elapsed="1.460895"/>
</kw>
<kw name="Get Element" owner="Browser">
<msg time="2024-09-19T16:33:07.104706" level="INFO">Locator found successfully.</msg>
<msg time="2024-09-19T16:33:07.104706" level="INFO">${owner_search_field} = xpath=//span[@class="select2-search select2-search--dropdown"]/input[@type="search"]</msg>
<var>${owner_search_field}</var>
<arg>xpath=//span[@class="select2-search select2-search--dropdown"]/input[@type="search"]</arg>
<tag>Getter</tag>
<tag>PageContent</tag>
<doc>Returns a reference to a Playwright [https://playwright.dev/docs/api/class-locator|Locator].</doc>
<status status="PASS" start="2024-09-19T16:33:07.095706" elapsed="0.009000"/>
</kw>
<kw name="Wait For Elements State" owner="Browser">
<msg time="2024-09-19T16:33:07.111704" level="INFO">Waited for Element with selector xpath=//span[@class="select2-search select2-search--dropdown"]/input[@type="search"] at state visible</msg>
<arg>${owner_search_field}</arg>
<arg>visible</arg>
<tag>PageContent</tag>
<tag>Wait</tag>
<doc>Waits for the element found by ``selector`` to satisfy state option.</doc>
<status status="PASS" start="2024-09-19T16:33:07.104706" elapsed="0.006998"/>
</kw>
<kw name="Fill Text" owner="Browser">
<msg time="2024-09-19T16:33:07.112708" level="INFO">Fills the text 'adtestuser1' in the given field.</msg>
<arg>${owner_search_field}</arg>
<arg>${owner}</arg>
<tag>PageContent</tag>
<tag>Setter</tag>
<doc>Clears and fills the given ``txt`` into the text field found by ``selector``.</doc>
<status status="PASS" start="2024-09-19T16:33:07.112708" elapsed="0.014998"/>
</kw>
<kw name="Get Element" owner="Browser">
<msg time="2024-09-19T16:33:07.788179" level="INFO">Locator found successfully.</msg>
<msg time="2024-09-19T16:33:07.788179" level="INFO">${owner_list} = xpath=//span[@class="select2-dropdown department-list-height select2-dropdown--below"]/..//span[@class="select2-results"]/..//li[contains(text(), 'adtestuser1')]</msg>
<var>${owner_list}</var>
<arg>xpath=//span[@class="select2-dropdown department-list-height select2-dropdown--below"]/..//span[@class="select2-results"]/..//li[contains(text(), '${owner}')]</arg>
<tag>Getter</tag>
<tag>PageContent</tag>
<doc>Returns a reference to a Playwright [https://playwright.dev/docs/api/class-locator|Locator].</doc>
<status status="PASS" start="2024-09-19T16:33:07.127706" elapsed="0.660473"/>
</kw>
<kw name="Wait For Elements State" owner="Browser">
<msg time="2024-09-19T16:33:07.788179" level="INFO">Waited for Element with selector xpath=//span[@class="select2-dropdown department-list-height select2-dropdown--below"]/..//span[@class="select2-results"]/..//li[contains(text(), 'adtestuser1')] at state visible</msg>
<arg>${owner_list}</arg>
<arg>visible</arg>
<tag>PageContent</tag>
<tag>Wait</tag>
<doc>Waits for the element found by ``selector`` to satisfy state option.</doc>
<status status="PASS" start="2024-09-19T16:33:07.788179" elapsed="0.000000"/>
</kw>
<kw name="Click" owner="Browser">
<msg time="2024-09-19T16:33:07.788179" level="INFO">Clicks the element 'xpath=//span[@class="select2-dropdown department-list-height select2-dropdown--below"]/..//span[@class="select2-results"]/..//li[contains(text(), 'adtestuser1')]'.</msg>
<arg>${owner_list}</arg>
<tag>PageContent</tag>
<tag>Setter</tag>
<doc>Simulates mouse click on the element found by ``selector``.</doc>
<status status="PASS" start="2024-09-19T16:33:07.788179" elapsed="0.237458"/>
</kw>
<kw name="Get Element" owner="Browser">
<msg time="2024-09-19T16:33:08.033638" level="INFO">Locator found successfully.</msg>
<msg time="2024-09-19T16:33:08.033638" level="INFO">${Note_textbox} = xpath=//div[@class="form-group row"]/..//input[@id="Notes"]</msg>
<var>${Note_textbox}</var>
<arg>xpath=//div[@class="form-group row"]/..//input[@id="Notes"]</arg>
<tag>Getter</tag>
<tag>PageContent</tag>
<doc>Returns a reference to a Playwright [https://playwright.dev/docs/api/class-locator|Locator].</doc>
<status status="PASS" start="2024-09-19T16:33:08.025637" elapsed="0.008001"/>
</kw>
<kw name="Wait For Elements State" owner="Browser">
<msg time="2024-09-19T16:33:08.042792" level="INFO">Waited for Element with selector xpath=//div[@class="form-group row"]/..//input[@id="Notes"] at state visible</msg>
<arg>${Note_textbox}</arg>
<arg>visible</arg>
<tag>PageContent</tag>
<tag>Wait</tag>
<doc>Waits for the element found by ``selector`` to satisfy state option.</doc>
<status status="PASS" start="2024-09-19T16:33:08.033638" elapsed="0.009154"/>
</kw>
<kw name="Fill Text" owner="Browser">
<msg time="2024-09-19T16:33:08.043788" level="INFO">Fills the text 'This is an Robot Framework test' in the given field.</msg>
<arg>${Note_textbox}</arg>
<arg>${note}</arg>
<tag>PageContent</tag>
<tag>Setter</tag>
<doc>Clears and fills the given ``txt`` into the text field found by ``selector``.</doc>
<status status="PASS" start="2024-09-19T16:33:08.042792" elapsed="0.016102"/>
</kw>
<status status="PASS" start="2024-09-19T16:33:04.851423" elapsed="3.207471"/>
</kw>
<kw name="Close Browser" owner="Browser">
<msg time="2024-09-19T16:33:09.679045" level="INFO">Closed browser</msg>
<tag>BrowserControl</tag>
<tag>Setter</tag>
<doc>Closes the current browser.</doc>
<status status="PASS" start="2024-09-19T16:33:08.059891" elapsed="1.619154"/>
</kw>
<doc>Test case to extract table data from the web and format it</doc>
<status status="PASS" start="2024-09-19T16:32:57.716875" elapsed="11.962170"/>
</test>
<status status="PASS" start="2024-09-19T16:32:52.273454" elapsed="17.405591"/>
</suite>
<statistics>
<total>
<stat pass="1" fail="0" skip="0">All Tests</stat>
</total>
<tag>
</tag>
<suite>
<stat pass="1" fail="0" skip="0" id="s1" name="Poc 5 1 7">Poc 5 1 7</stat>
</suite>
</statistics>
<errors>
</errors>
</robot>
