<?xml version="1.0" encoding="UTF-8"?>
<robot generator="Robot 7.0.1 (Python 3.12.5 on win32)" generated="2024-09-27T15:59:08.879783" rpa="false" schemaversion="5">
<suite id="s1" name="POC 5 1 10" source="C:\Users\AtiwitK\Documents\GitHub\BankOfThailand\poc-robotframework\bahtnet_api\5_1_10\POC_5_1_10.robot">
<test id="s1-t1" name="5.1.10 สร้าง script สำหรับการ add/remove certificate โดย Powershell ระบบ ที่ใช้ Certificate" line="14">
<kw name="Add Certificate">
<kw name="Run Process" owner="Process">
<msg time="2024-09-27T15:59:09.098783" level="INFO">Starting process:
powershell.exe -Command "Start-Process powershell -ArgumentList '-NoProfile -ExecutionPolicy Bypass -Command \"$password = ConvertTo-SecureString -String ''1234zZ'' -AsPlainText -Force; Import-PfxCertificate -FilePath ''//bot.or.th/cfs/FILESERV/QMDataFile/FIN1/SCB Cert/SCB-1.p12'' -CertStoreLocation Cert:/CurrentUser/My -Password $password -Verbose;\"' -Verb RunAs"</msg>
<msg time="2024-09-27T15:59:09.315792" level="INFO">Waiting for process to complete.</msg>
<msg time="2024-09-27T15:59:11.757443" level="INFO">Process completed.</msg>
<arg>powershell.exe</arg>
<arg>-Command</arg>
<arg>Start-Process powershell -ArgumentList '-NoProfile -ExecutionPolicy Bypass -Command "$password \= ConvertTo-SecureString -String ''${PASSWORD}'' -AsPlainText -Force; Import-PfxCertificate -FilePath ''${CERT_PATH}'' -CertStoreLocation Cert:/CurrentUser/My -Password $password -Verbose;"' -Verb RunAs</arg>
<doc>Runs a process and waits for it to complete.</doc>
<status status="PASS" start="2024-09-27T15:59:09.098783" elapsed="2.658660"/>
</kw>
<doc>Add a certificate with a passphrase</doc>
<status status="PASS" start="2024-09-27T15:59:09.097783" elapsed="2.660660"/>
</kw>
<kw name="Remove Certificate">
<kw name="Run Process" owner="Process">
<msg time="2024-09-27T15:59:12.530524" level="INFO">Starting process:
powershell.exe -Command "Start-Process powershell -ArgumentList '-NoProfile -ExecutionPolicy Bypass -Command \"Set-Location Cert:/CurrentUser/My; Get-ChildItem | Where-Object {$_.Thumbprint -eq ''E47BD149C8655112D11C48F242E3856FF4D536CF''} | Remove-Item -Verbose;\"' -Verb RunAs"</msg>
<msg time="2024-09-27T15:59:12.568525" level="INFO">Waiting for process to complete.</msg>
<msg time="2024-09-27T15:59:16.651229" level="INFO">Process completed.</msg>
<arg>powershell.exe</arg>
<arg>-Command</arg>
<arg>Start-Process powershell -ArgumentList '-NoProfile -ExecutionPolicy Bypass -Command "Set-Location Cert:/CurrentUser/My; Get-ChildItem | Where-Object {$_.Thumbprint -eq ''${THUMBPRINT}''} | Remove-Item -Verbose;"' -Verb RunAs</arg>
<doc>Runs a process and waits for it to complete.</doc>
<status status="PASS" start="2024-09-27T15:59:12.530524" elapsed="4.120705"/>
</kw>
<doc>Remove a certificate using its thumbprint</doc>
<status status="PASS" start="2024-09-27T15:59:12.529525" elapsed="4.121704"/>
</kw>
<status status="PASS" start="2024-09-27T15:59:09.096784" elapsed="7.565448"/>
</test>
<status status="PASS" start="2024-09-27T15:59:08.882779" elapsed="7.791450"/>
</suite>
<statistics>
<total>
<stat pass="1" fail="0" skip="0">All Tests</stat>
</total>
<tag>
</tag>
<suite>
<stat pass="1" fail="0" skip="0" id="s1" name="POC 5 1 10">POC 5 1 10</stat>
</suite>
</statistics>
<errors>
</errors>
</robot>
