<?xml version="1.0" encoding="UTF-8"?>
<robot generator="Robot 7.0.1 (Python 3.12.5 on win32)" generated="2024-09-26T17:24:13.571733" rpa="false" schemaversion="5">
<suite id="s1" name="Test" source="C:\Users\AtiwitK\Documents\GitHub\BankOfThailand\poc-robotframework\bahtnet_api\5_1_4\test.robot">
<test id="s1-t1" name="5.1.4 การใช้ Certificate ในการ Login" line="24">
<kw name="Open Browser" owner="SeleniumLibrary">
<msg time="2024-09-26T17:24:17.097475" level="INFO">Opening browser 'ie' to base url 'https://bahtnet-iwt.xtest-bot.or.th/EFSExternalWebUI/faces/home.jsp'.</msg>
<arg>${URL}</arg>
<arg>ie</arg>
<doc>Opens a new browser instance to the optional ``url``.</doc>
<status status="PASS" start="2024-09-26T17:24:17.097475" elapsed="24.943734"/>
</kw>
<kw name="Maximize Browser Window" owner="SeleniumLibrary">
<doc>Maximizes current browser window.</doc>
<status status="PASS" start="2024-09-26T17:24:42.044209" elapsed="0.044128"/>
</kw>
<kw name="Click download file">
<kw name="Click Element" owner="SeleniumLibrary">
<msg time="2024-09-26T17:24:42.091338" level="INFO">Clicking element 'id=main2'.</msg>
<arg>id=main2</arg>
<doc>Click the element identified by ``locator``.</doc>
<status status="PASS" start="2024-09-26T17:24:42.091338" elapsed="8.396272"/>
</kw>
<kw name="Wait Until Element Is Visible" owner="SeleniumLibrary">
<arg>xpath=//span[contains(text(), 'Report')]</arg>
<doc>Waits until the element ``locator`` is visible.</doc>
<status status="PASS" start="2024-09-26T17:24:50.487610" elapsed="1.796840"/>
</kw>
<kw name="Click Element" owner="SeleniumLibrary">
<msg time="2024-09-26T17:24:52.284450" level="INFO">Clicking element 'xpath=//span[contains(text(), 'Report')]'.</msg>
<arg>xpath=//span[contains(text(), 'Report')]</arg>
<doc>Click the element identified by ``locator``.</doc>
<status status="PASS" start="2024-09-26T17:24:52.284450" elapsed="2.360179"/>
</kw>
<kw name="Wait Until Element Is Visible" owner="SeleniumLibrary">
<arg>xpath=//a[contains(text(), 'BAHTNET Report')]</arg>
<doc>Waits until the element ``locator`` is visible.</doc>
<status status="PASS" start="2024-09-26T17:24:54.644629" elapsed="1.764868"/>
</kw>
<kw name="Click Element" owner="SeleniumLibrary">
<msg time="2024-09-26T17:24:56.409497" level="INFO">Clicking element 'xpath=//a[contains(text(), 'BAHTNET Report')]'.</msg>
<arg>xpath=//a[contains(text(), 'BAHTNET Report')]</arg>
<doc>Click the element identified by ``locator``.</doc>
<status status="PASS" start="2024-09-26T17:24:56.409497" elapsed="3.546896"/>
</kw>
<kw name="Set Selenium Timeout" owner="SeleniumLibrary">
<arg>30 seconds</arg>
<doc>Sets the timeout that is used by various keywords.</doc>
<status status="PASS" start="2024-09-26T17:24:59.956393" elapsed="0.015636"/>
</kw>
<kw name="Select Frame" owner="SeleniumLibrary">
<msg time="2024-09-26T17:24:59.972029" level="INFO">Selecting frame '//iframe[@name="iframeDetail"]'.</msg>
<arg>//iframe[@name="iframeDetail"]</arg>
<doc>Sets frame identified by ``locator`` as the current frame.</doc>
<status status="PASS" start="2024-09-26T17:24:59.972029" elapsed="1.046873"/>
</kw>
<kw name="Wait Until Element Is Visible" owner="SeleniumLibrary">
<arg>xpath=//img[@id="staticRptInrMenuForm:j_id_jsp_474309668_3:project:0::j_id_jsp_474309668_5:handle:img:collapsed"]</arg>
<doc>Waits until the element ``locator`` is visible.</doc>
<status status="PASS" start="2024-09-26T17:25:01.018902" elapsed="0.754161"/>
</kw>
<kw name="Click Element" owner="SeleniumLibrary">
<msg time="2024-09-26T17:25:01.773063" level="INFO">Clicking element 'xpath=//img[@id="staticRptInrMenuForm:j_id_jsp_474309668_3:project:0::j_id_jsp_474309668_5:handle:img:collapsed"]'.</msg>
<arg>xpath=//img[@id="staticRptInrMenuForm:j_id_jsp_474309668_3:project:0::j_id_jsp_474309668_5:handle:img:collapsed"]</arg>
<doc>Click the element identified by ``locator``.</doc>
<status status="PASS" start="2024-09-26T17:25:01.773063" elapsed="1.924036"/>
</kw>
<kw name="Set Selenium Timeout" owner="SeleniumLibrary">
<arg>30 seconds</arg>
<doc>Sets the timeout that is used by various keywords.</doc>
<status status="PASS" start="2024-09-26T17:25:03.697099" elapsed="0.024946"/>
</kw>
<kw name="Wait Until Element Is Visible" owner="SeleniumLibrary">
<arg>xpath=//a[contains(text(), 'หนังสือยืนยันรายการโอนเงินผ่านบาทเนต')]</arg>
<doc>Waits until the element ``locator`` is visible.</doc>
<status status="PASS" start="2024-09-26T17:25:03.722045" elapsed="0.906255"/>
</kw>
<kw name="Click Element" owner="SeleniumLibrary">
<msg time="2024-09-26T17:25:04.628300" level="INFO">Clicking element 'xpath=//a[contains(text(), 'หนังสือยืนยันรายการโอนเงินผ่านบาทเนต')]'.</msg>
<arg>xpath=//a[contains(text(), 'หนังสือยืนยันรายการโอนเงินผ่านบาทเนต')]</arg>
<doc>Click the element identified by ``locator``.</doc>
<status status="PASS" start="2024-09-26T17:25:04.628300" elapsed="4.726829"/>
</kw>
<kw name="Select Frame" owner="SeleniumLibrary">
<msg time="2024-09-26T17:25:09.355129" level="INFO">Selecting frame '//iframe[@name="iframeBrowseReport"]'.</msg>
<arg>//iframe[@name="iframeBrowseReport"]</arg>
<doc>Sets frame identified by ``locator`` as the current frame.</doc>
<status status="PASS" start="2024-09-26T17:25:09.355129" elapsed="0.116962"/>
</kw>
<kw name="Wait Until Element Is Visible" owner="SeleniumLibrary">
<arg>${XPATH}</arg>
<doc>Waits until the element ``locator`` is visible.</doc>
<status status="PASS" start="2024-09-26T17:25:09.472091" elapsed="0.781256"/>
</kw>
<kw name="Run Keyword And Return Status" owner="BuiltIn">
<kw name="Click Element" owner="SeleniumLibrary">
<msg time="2024-09-26T17:25:10.253347" level="INFO">Clicking element '//a[@id="downloadStaticRptInrForm:taskList:0:exPDFBtn"]'.</msg>
<kw name="Capture Page Screenshot" owner="SeleniumLibrary">
<msg time="2024-09-26T17:30:12.927863" level="INFO" html="true">&lt;/td&gt;&lt;/tr&gt;&lt;tr&gt;&lt;td colspan="3"&gt;&lt;a href="selenium-screenshot-2.png"&gt;&lt;img src="selenium-screenshot-2.png" width="800px"&gt;&lt;/a&gt;</msg>
<doc>Takes a screenshot of the current page and embeds it into a log file.</doc>
<status status="PASS" start="2024-09-26T17:30:12.653455" elapsed="0.274408"/>
</kw>
<msg time="2024-09-26T17:30:12.928865" level="FAIL">TimeoutException: Message: Timed out waiting for page to load.
</msg>
<arg>${XPATH}</arg>
<doc>Click the element identified by ``locator``.</doc>
<status status="FAIL" start="2024-09-26T17:25:10.253347" elapsed="302.742411">TimeoutException: Message: Timed out waiting for page to load.
</status>
</kw>
<msg time="2024-09-26T17:30:12.995758" level="INFO">${result} = False</msg>
<var>${result}</var>
<arg>Click Element</arg>
<arg>${XPATH}</arg>
<doc>Runs the given keyword with given arguments and returns the status as a Boolean value.</doc>
<status status="PASS" start="2024-09-26T17:25:10.253347" elapsed="302.742411"/>
</kw>
<if>
<branch type="IF" condition="${result} == ${FALSE}">
<kw name="Sleep" owner="BuiltIn">
<msg time="2024-09-26T17:30:15.285528" level="INFO">Slept 2 seconds.</msg>
<arg>2s</arg>
<doc>Pauses the test executed for the given time.</doc>
<status status="PASS" start="2024-09-26T17:30:12.996759" elapsed="2.288769"/>
</kw>
<kw name="Run Process" owner="Process">
<msg time="2024-09-26T17:30:15.286525" level="INFO">Starting process:
"C:/Program Files (x86)/AutoIt3/SciTE/download_bahtnet_file.exe"</msg>
<msg time="2024-09-26T17:30:22.206744" level="INFO">Waiting for process to complete.</msg>
<msg time="2024-09-26T17:30:35.656166" level="INFO">Process completed.</msg>
<arg>C:/Program Files (x86)/AutoIt3/SciTE/download_bahtnet_file.exe</arg>
<doc>Runs a process and waits for it to complete.</doc>
<status status="PASS" start="2024-09-26T17:30:15.285528" elapsed="20.370638"/>
</kw>
<kw name="Sleep" owner="BuiltIn">
<msg time="2024-09-26T17:30:40.656310" level="INFO">Slept 5 seconds.</msg>
<arg>5s</arg>
<doc>Pauses the test executed for the given time.</doc>
<status status="PASS" start="2024-09-26T17:30:35.656166" elapsed="5.000144"/>
</kw>
<kw name="File Should Exist" owner="OperatingSystem">
<msg time="2024-09-26T17:30:40.656310" level="INFO" html="true">File '&lt;a href="file://C:\Users\AtiwitK\Downloads\CF1202409250000.pdf"&gt;C:\Users\AtiwitK\Downloads\CF1202409250000.pdf&lt;/a&gt;' exists.</msg>
<arg>${DOWNLOADED_FILE_PATH}</arg>
<doc>Fails unless the given ``path`` points to an existing file.</doc>
<status status="PASS" start="2024-09-26T17:30:40.656310" elapsed="0.000000"/>
</kw>
<kw name="List Files In Directory" owner="OperatingSystem">
<msg time="2024-09-26T17:30:40.656310" level="INFO" html="true">Listing contents of directory '&lt;a href="file://C:\Users\AtiwitK\Downloads"&gt;C:\Users\AtiwitK\Downloads&lt;/a&gt;'.</msg>
<msg time="2024-09-26T17:30:40.656310" level="INFO">7 files:
CF1202409250000.pdf
Git-2.46.0-64-bit.exe
GitHubDesktopSetup-x64.exe
IEDriverServer_Win32_4.14.0.zip
Win64OpenSSL_Light-3_2_3.exe
desktop.ini
rustup-init.exe</msg>
<msg time="2024-09-26T17:30:40.656310" level="INFO">${files} = ['CF1202409250000.pdf', 'Git-2.46.0-64-bit.exe', 'GitHubDesktopSetup-x64.exe', 'IEDriverServer_Win32_4.14.0.zip', 'Win64OpenSSL_Light-3_2_3.exe', 'desktop.ini', 'rustup-init.exe']</msg>
<var>${files}</var>
<arg>${DOWNLOAD_PATH}</arg>
<doc>Wrapper for `List Directory` that returns only files.</doc>
<status status="PASS" start="2024-09-26T17:30:40.656310" elapsed="0.000000"/>
</kw>
<kw name="Get From List" owner="Collections">
<msg time="2024-09-26T17:30:40.656310" level="INFO">${file_name} = CF1202409250000.pdf</msg>
<var>${file_name}</var>
<arg>${files}</arg>
<arg>0</arg>
<doc>Returns the value specified with an ``index`` from ``list``.</doc>
<status status="PASS" start="2024-09-26T17:30:40.656310" elapsed="0.000000"/>
</kw>
<kw name="Should Be Equal As Strings" owner="BuiltIn">
<arg>${file_name}</arg>
<arg>${EXPECTED_FILE}</arg>
<doc>Fails if objects are unequal after converting them to strings.</doc>
<status status="PASS" start="2024-09-26T17:30:40.656310" elapsed="0.000000"/>
</kw>
<kw name="Set Selenium Timeout" owner="SeleniumLibrary">
<arg>30 seconds</arg>
<doc>Sets the timeout that is used by various keywords.</doc>
<status status="PASS" start="2024-09-26T17:30:40.656310" elapsed="0.021678"/>
</kw>
<status status="PASS" start="2024-09-26T17:30:12.995758" elapsed="27.682230"/>
</branch>
<status status="PASS" start="2024-09-26T17:30:12.995758" elapsed="27.682230"/>
</if>
<kw name="Close All Browsers" owner="SeleniumLibrary">
<doc>Closes all open browsers and resets the browser cache.</doc>
<status status="PASS" start="2024-09-26T17:30:40.677988" elapsed="24.922669"/>
</kw>
<status status="PASS" start="2024-09-26T17:24:42.091338" elapsed="383.509645"/>
</kw>
<doc>Test case to open Google Thailand in IE mode on Edge</doc>
<status status="PASS" start="2024-09-26T17:24:17.097475" elapsed="408.503508"/>
</test>
<status status="PASS" start="2024-09-26T17:24:13.571733" elapsed="412.029250"/>
</suite>
<statistics>
<total>
<stat pass="1" fail="0" skip="0">All Tests</stat>
</total>
<tag>
</tag>
<suite>
<stat pass="1" fail="0" skip="0" id="s1" name="Test">Test</stat>
</suite>
</statistics>
<errors>
</errors>
</robot>
