<?xml version="1.0" encoding="UTF-8"?>
<robot generator="Robot 7.0.1 (Python 3.12.5 on win32)" generated="2024-09-19T16:42:28.312295" rpa="false" schemaversion="5">
<suite id="s1" name="Poc 5 1 8" source="C:\Users\AtiwitK\Documents\GitHub\BankOfThailand\poc-robotframework\bahtnet_api\5_1_8_newman\poc_5_1_8.robot">
<test id="s1-t1" name="5.1.8 Verify Run Newman with Postman collection using Robot Framework" line="12">
<kw name="Run Postman Collection with Newman">
<kw name="Log" owner="BuiltIn">
<msg time="2024-09-19T16:42:28.499795" level="INFO">Collection Path: C:/Users/AtiwitK/Documents/Postman/[USER][3-IWT] NEW BAHTNET API TEST.postman_collection.json</msg>
<arg>Collection Path: ${COLLECTION}</arg>
<doc>Logs the given message with the given level.</doc>
<status status="PASS" start="2024-09-19T16:42:28.499795" elapsed="0.000000"/>
</kw>
<kw name="Log" owner="BuiltIn">
<msg time="2024-09-19T16:42:28.499795" level="INFO">Certificate Path: C:/Users/AtiwitK/Documents/Postman/DDG-2-cert.pem</msg>
<arg>Certificate Path: ${CERTIFICATE}</arg>
<doc>Logs the given message with the given level.</doc>
<status status="PASS" start="2024-09-19T16:42:28.499795" elapsed="0.000000"/>
</kw>
<kw name="Log" owner="BuiltIn">
<msg time="2024-09-19T16:42:28.499795" level="INFO">Key Path: C:/Users/AtiwitK/Documents/Postman/DDG-2-key.pem</msg>
<arg>Key Path: ${KEY}</arg>
<doc>Logs the given message with the given level.</doc>
<status status="PASS" start="2024-09-19T16:42:28.499795" elapsed="0.000000"/>
</kw>
<kw name="Run Process" owner="Process">
<msg time="2024-09-19T16:42:28.499795" level="INFO">Starting process:
cmd /c newman run "C:/Users/AtiwitK/Documents/Postman/[USER][3-IWT] NEW BAHTNET API TEST.postman_collection.json" --ssl-client-cert "C:/Users/AtiwitK/Documents/Postman/DDG-2-cert.pem" --ssl-client-key "C:/Users/AtiwitK/Documents/Postman/DDG-2-key.pem" -r cli,json --reporter-json-export "C:/Users/AtiwitK/Documents/Postman/output.json"</msg>
<msg time="2024-09-19T16:42:28.526335" level="INFO">Waiting for process to complete.</msg>
<msg time="2024-09-19T16:42:38.999979" level="INFO">Process completed.</msg>
<arg>cmd /c newman run "${COLLECTION}" --ssl-client-cert "${CERTIFICATE}" --ssl-client-key "${KEY}" -r cli,json --reporter-json-export "${OUTPUT}"</arg>
<arg>shell=True</arg>
<doc>Runs a process and waits for it to complete.</doc>
<status status="PASS" start="2024-09-19T16:42:28.499795" elapsed="10.500184"/>
</kw>
<doc>Run Postman collection using Newman with client certificate and key</doc>
<status status="PASS" start="2024-09-19T16:42:28.499795" elapsed="10.500184"/>
</kw>
<kw name="Load JSON from output file and get 'run' body value">
<kw name="Load Json From File" owner="JSONLibrary">
<msg time="2024-09-19T16:42:39.015605" level="INFO">${result} = {'collection': {'_': {'postman_id': '4fa65d04-e674-403e-8c63-412eef2ca269'}, 'item': [{'id': '601f0ad7-f1f8-49b0-936d-ad30040e5d39', 'name': 'DDG - ST1 - INQUIRY', 'request': {'url': {'protocol': 'htt...</msg>
<var>${result}</var>
<arg>${OUTPUT}</arg>
<doc>Load JSON from file.</doc>
<status status="PASS" start="2024-09-19T16:42:38.999979" elapsed="0.015626"/>
</kw>
<kw name="Log" owner="BuiltIn">
<msg time="2024-09-19T16:42:39.015605" level="INFO">result: {'collection': {'_': {'postman_id': '4fa65d04-e674-403e-8c63-412eef2ca269'}, 'item': [{'id': '601f0ad7-f1f8-49b0-936d-ad30040e5d39', 'name': 'DDG - ST1 - INQUIRY', 'request': {'url': {'protocol': 'https', 'path': ['bot-iwt', 'partner-extranet', 'bnapi', 'inquiry-status-tracking'], 'host': ['apixgw2', 'bot', 'or', 'th'], 'query': [], 'variable': []}, 'header': [{'key': 'accept', 'value': 'application/json'}, {'key': 'content-type', 'value': 'application/json'}, {'key': 'X-IBM-Client-Id', 'value': 'a7f05458-6cc3-45bd-b912-f974218d9277'}, {'key': 'X-IBM-Client-Secret', 'value': 'C8jN8tM4tU5rS5qK2nX4jR0dR5bG4cQ6aH5uF3rU5fK1sW0dN0'}], 'method': 'POST', 'body': {'mode': 'raw', 'raw': '{\r\n    "inquiry_request": {\r\n        "credit_bic": "BOTHTHB1DDG",\r\n        "settlement_date": "2021-04-28"\r\n    }\r\n}', 'options': {'raw': {'language': 'json'}}}, 'auth': {'type': 'noauth', 'noauth': []}}, 'response': [], 'event': [], 'protocolProfileBehavior': {'disabledSystemHeaders': {'content-type': True, 'accept': True}, 'strictSSL': False, 'followOriginalHttpMethod': False}}, {'id': '9bc0e91d-3de4-4c1f-9a93-80777fc8212d', 'name': 'DDG- ST2 - UPDATE', 'request': {'url': {'protocol': 'https', 'path': ['bot-iwt', 'partner-extranet', 'bnapi', 'update-status-tracking'], 'host': ['apixgw2', 'bot', 'or', 'th'], 'query': [], 'variable': []}, 'header': [{'key': 'accept', 'value': 'application/json'}, {'key': 'content-type', 'value': 'application/json'}, {'key': 'X-IBM-Client-Id', 'value': 'a7f05458-6cc3-45bd-b912-f974218d9277'}, {'key': 'X-IBM-Client-Secret', 'value': 'C8jN8tM4tU5rS5qK2nX4jR0dR5bG4cQ6aH5uF3rU5fK1sW0dN0'}], 'method': 'POST', 'body': {'mode': 'raw', 'raw': '\r\n{\r\n    "payment_status_request": {\r\n        "from": "BOTHTHB1DDG",\r\n        "update_payment_scenario": "CCTR",\r\n        "instruction_identification": "210222000072002",\r\n        "payment_status": {\r\n            "originator": "BOTHTHB1DDG",\r\n            "transaction_status": {\r\n                "status": "ACSP",\r\n                "reason" : "G002"\r\n            },\r\n            "return": false,\r\n            "charge_bearer" : "SHAR",\r\n            "charge_amount": [{\r\n            "currency":"THB",\r\n            "amount":"0.00"\r\n         }]\r\n        }\r\n    }\r\n}', 'options': {'raw': {'language': 'json'}}}, 'auth': {'type': 'noauth', 'noauth': []}}, 'response': [], 'event': [], 'protocolProfileBehavior': {'disabledSystemHeaders': {'accept': True, 'content-type': True}, 'strictSSL': False, 'followOriginalHttpMethod': False}}, {'id': '2b88f13f-bf38-4107-856f-842cd1903a5a', 'name': 'DDG - ST3 - CONNECTION', 'request': {'url': {'protocol': 'https', 'path': ['bot-iwt', 'partner-extranet', 'bnapi', 'inquiry-status-tracking'], 'host': ['apixgw2', 'bot', 'or', 'th'], 'query': [], 'variable': []}, 'header': [{'key': 'accept', 'value': 'application/json'}, {'key': 'content-type', 'value': 'application/json'}, {'key': 'X-IBM-Client-Id', 'value': 'a7f05458-6cc3-45bd-b912-f974218d9277'}, {'key': 'X-IBM-Client-Secret', 'value': 'C8jN8tM4tU5rS5qK2nX4jR0dR5bG4cQ6aH5uF3rU5fK1sW0dN0'}], 'method': 'POST', 'body': {'mode': 'raw', 'raw': '{}', 'options': {'raw': {'language': 'json'}}}, 'auth': {'type': 'noauth', 'noauth': []}}, 'response': [], 'event': [], 'protocolProfileBehavior': {'disabledSystemHeaders': {'accept': True, 'content-type': True}, 'followOriginalHttpMethod': False, 'strictSSL': False}}], 'event': [{'listen': 'prerequest', 'script': {'id': 'c4c40fa1-63f6-474a-bc33-86af82ab4597', 'type': 'text/javascript', 'exec': [''], '_lastExecutionId': 'a0b14a73-e94a-43f5-9e8b-325fa12b188e'}}, {'listen': 'test', 'script': {'id': 'ca4bc569-c921-4d32-870e-899260c5cdb5', 'type': 'text/javascript', 'exec': [''], '_lastExecutionId': 'a2cbef85-93c0-45c1-b680-d71cdfe217f2'}}], 'variable': [], 'info': {'_postman_id': '4fa65d04-e674-403e-8c63-412eef2ca269', 'name': '[USER][3-IWT] NEW BAHTNET API TEST', 'schema': 'https://schema.getpostman.com/json/collection/v2.1.0/collection.json'}}, 'environment': {'id': '8bf3085a-c531-4b5a-8615-83ea906283c1', 'values': []}, 'globals': {'id': 'c6759729-08c8-47ed-b5a2-488462cb8e13', 'values': []}, 'run': {'stats': {'iterations': {'total': 1, 'pending': 0, 'failed': 0}, 'items': {'total': 3, 'pending': 0, 'failed': 0}, 'scripts': {'total': 6, 'pending': 0, 'failed': 0}, 'prerequests': {'total': 3, 'pending': 0, 'failed': 0}, 'requests': {'total': 3, 'pending': 0, 'failed': 0}, 'tests': {'total': 3, 'pending': 0, 'failed': 0}, 'assertions': {'total': 0, 'pending': 0, 'failed': 0}, 'testScripts': {'total': 3, 'pending': 0, 'failed': 0}, 'prerequestScripts': {'total': 3, 'pending': 0, 'failed': 0}}, 'timings': {'responseAverage': 1060, 'responseMin': 499, 'responseMax': 1670, 'responseSd': 479.3127023840143, 'dnsAverage': 0, 'dnsMin': 0, 'dnsMax': 0, 'dnsSd': 0, 'firstByteAverage': 0, 'firstByteMin': 0, 'firstByteMax': 0, 'firstByteSd': 0, 'started': 1726738955446, 'completed': 1726738958956}, 'executions': [{'cursor': {'position': 0, 'iteration': 0, 'length': 3, 'cycles': 1, 'empty': False, 'eof': False, 'bof': True, 'cr': False, 'ref': 'de5f906b-1483-45d1-9e49-bc76814a861c', 'httpRequestId': 'e38fd4e1-0978-41d6-b074-35923cd0462e'}, 'item': {'id': '601f0ad7-f1f8-49b0-936d-ad30040e5d39', 'name': 'DDG - ST1 - INQUIRY', 'request': {'url': {'protocol': 'https', 'path': ['bot-iwt', 'partner-extranet', 'bnapi', 'inquiry-status-tracking'], 'host': ['apixgw2', 'bot', 'or', 'th'], 'query': [], 'variable': []}, 'header': [{'key': 'accept', 'value': 'application/json'}, {'key': 'content-type', 'value': 'application/json'}, {'key': 'X-IBM-Client-Id', 'value': 'a7f05458-6cc3-45bd-b912-f974218d9277'}, {'key': 'X-IBM-Client-Secret', 'value': 'C8jN8tM4tU5rS5qK2nX4jR0dR5bG4cQ6aH5uF3rU5fK1sW0dN0'}], 'method': 'POST', 'body': {'mode': 'raw', 'raw': '{\r\n    "inquiry_request": {\r\n        "credit_bic": "BOTHTHB1DDG",\r\n        "settlement_date": "2021-04-28"\r\n    }\r\n}', 'options': {'raw': {'language': 'json'}}}, 'auth': {'type': 'noauth', 'noauth': []}}, 'response': [], 'event': [], 'protocolProfileBehavior': {'disabledSystemHeaders': {'content-type': True, 'accept': True}, 'strictSSL': False, 'followOriginalHttpMethod': False}}, 'request': {'url': {'protocol': 'https', 'path': ['bot-iwt', 'partner-extranet', 'bnapi', 'inquiry-status-tracking'], 'host': ['apixgw2', 'bot', 'or', 'th'], 'query': [], 'variable': []}, 'header': [{'key': 'accept', 'value': 'application/json'}, {'key': 'content-type', 'value': 'application/json'}, {'key': 'X-IBM-Client-Id', 'value': 'a7f05458-6cc3-45bd-b912-f974218d9277'}, {'key': 'X-IBM-Client-Secret', 'value': 'C8jN8tM4tU5rS5qK2nX4jR0dR5bG4cQ6aH5uF3rU5fK1sW0dN0'}, {'key': 'User-Agent', 'value': 'PostmanRuntime/7.29.0', 'system': True}, {'key': 'Cache-Control', 'value': 'no-cache', 'system': True}, {'key': 'Postman-Token', 'value': 'da4e2d64-0a44-48b3-ae32-363e9feab394', 'system': True}, {'key': 'Host', 'value': 'apixgw2.bot.or.th', 'system': True}, {'key': 'Accept-Encoding', 'value': 'gzip, deflate, br', 'system': True}, {'key': 'Connection', 'value': 'keep-alive', 'system': True}, {'key': 'Content-Length', 'value': '116', 'system': True}], 'method': 'POST', 'body': {'mode': 'raw', 'raw': '{\r\n    "inquiry_request": {\r\n        "credit_bic": "BOTHTHB1DDG",\r\n        "settlement_date": "2021-04-28"\r\n    }\r\n}', 'options': {'raw': {'language': 'json'}}}, 'auth': {'type': 'noauth', 'noauth': []}, 'certificate': {'id': '7a2d5195-cb9c-4026-815b-70820a8c5398', 'name': 'client-cert', 'matches': [{'pattern': '&lt;all_urls&gt;'}], 'key': {'src': 'C:/Users/AtiwitK/Documents/Postman/DDG-2-key.pem'}, 'cert': {'src': 'C:/Users/AtiwitK/Documents/Postman/DDG-2-cert.pem'}, 'pfx': {}}}, 'response': {'id': '87d2dc28-f9be-40e5-9aba-898b045eab30', 'status': 'Bad Request', 'code': 400, 'header': [{'key': 'X-Backside-Transport', 'value': 'FAIL FAIL'}, {'key': 'Connection', 'value': 'Keep-Alive'}, {'key': 'Transfer-Encoding', 'value': 'chunked'}, {'key': 'Cache-Control', 'value': 'no-cache'}, {'key': 'Pragma', 'value': 'no-cache'}, {'key': 'Content-Type', 'value': 'application/json'}, {'key': 'Content-Language', 'value': 'en-US'}, {'key': 'Expires', 'value': '-1'}, {'key': 'Server', 'value': 'Microsoft-IIS/10.0,IBM,App,Connect,Enterprise'}, {'key': 'Strict-Transport-Security', 'value': 'max-age=31536000; includeSubDomains; preload'}, {'key': 'X-Original-HTTP-Status-Code', 'value': '400'}, {'key': 'X-Powered-By', 'value': 'Servlet/3.1,ASP.NET'}, {'key': 'X-AspNet-Version', 'value': '4.0.30319'}, {'key': 'Date', 'value': 'Thu, 19 Sep 2024 09:42:37 GMT'}, {'key': 'X-Global-Transaction-ID', 'value': '196c556566ebf20b066e1c03'}, {'key': 'X-RateLimit-Limit', 'value': 'name=rate-limit-1,50;'}, {'key': 'X-RateLimit-Remaining', 'value': 'name=rate-limit-1,49;'}, {'key': 'Content-Encoding', 'value': 'gzip'}], 'stream': {'type': 'Buffer', 'data': [123, 34, 105, 110, 113, 117, 105, 114, 121, 95, 114, 101, 115, 112, 111, 110, 115, 101, 34, 58, 123, 34, 114, 101, 115, 112, 111, 110, 115, 101, 95, 99, 111, 100, 101, 34, 58, 34, 69, 34, 44, 34, 114, 101, 97, 115, 111, 110, 34, 58, 34, 84, 104, 101, 32, 115, 101, 116, 116, 108, 101, 109, 101, 110, 116, 32, 100, 97, 116, 101, 32, 111, 102, 32, 116, 104, 105, 115, 32, 116, 114, 97, 110, 115, 97, 99, 116, 105, 111, 110, 32, 105, 115, 32, 101, 120, 99, 101, 101, 100, 115, 32, 116, 104, 97, 110, 32, 49, 56, 48, 32, 100, 97, 121, 115, 46, 34, 44, 34, 114, 101, 116, 117, 114, 110, 95, 114, 101, 115, 117, 108, 116, 34, 58, 91, 93, 125, 125]}, 'cookie': [], 'responseTime': 1670, 'responseSize': 138}, 'id': '601f0ad7-f1f8-49b0-936d-ad30040e5d39'}, {'cursor': {'ref': '66d08c43-4092-4b7e-b4c7-ebdeccaed9f6', 'length': 3, 'cycles': 1, 'position': 1, 'iteration': 0, 'httpRequestId': 'fd4f6a6e-3830-4f40-9f91-1c837a7eb65c'}, 'item': {'id': '9bc0e91d-3de4-4c1f-9a93-80777fc8212d', 'name': 'DDG- ST2 - UPDATE', 'request': {'url': {'protocol': 'https', 'path': ['bot-iwt', 'partner-extranet', 'bnapi', 'update-status-tracking'], 'host': ['apixgw2', 'bot', 'or', 'th'], 'query': [], 'variable': []}, 'header': [{'key': 'accept', 'value': 'application/json'}, {'key': 'content-type', 'value': 'application/json'}, {'key': 'X-IBM-Client-Id', 'value': 'a7f05458-6cc3-45bd-b912-f974218d9277'}, {'key': 'X-IBM-Client-Secret', 'value': 'C8jN8tM4tU5rS5qK2nX4jR0dR5bG4cQ6aH5uF3rU5fK1sW0dN0'}], 'method': 'POST', 'body': {'mode': 'raw', 'raw': '\r\n{\r\n    "payment_status_request": {\r\n        "from": "BOTHTHB1DDG",\r\n        "update_payment_scenario": "CCTR",\r\n        "instruction_identification": "210222000072002",\r\n        "payment_status": {\r\n            "originator": "BOTHTHB1DDG",\r\n            "transaction_status": {\r\n                "status": "ACSP",\r\n                "reason" : "G002"\r\n            },\r\n            "return": false,\r\n            "charge_bearer" : "SHAR",\r\n            "charge_amount": [{\r\n            "currency":"THB",\r\n            "amount":"0.00"\r\n         }]\r\n        }\r\n    }\r\n}', 'options': {'raw': {'language': 'json'}}}, 'auth': {'type': 'noauth', 'noauth': []}}, 'response': [], 'event': [], 'protocolProfileBehavior': {'disabledSystemHeaders': {'accept': True, 'content-type': True}, 'strictSSL': False, 'followOriginalHttpMethod': False}}, 'request': {'url': {'protocol': 'https', 'path': ['bot-iwt', 'partner-extranet', 'bnapi', 'update-status-tracking'], 'host': ['apixgw2', 'bot', 'or', 'th'], 'query': [], 'variable': []}, 'header': [{'key': 'accept', 'value': 'application/json'}, {'key': 'content-type', 'value': 'application/json'}, {'key': 'X-IBM-Client-Id', 'value': 'a7f05458-6cc3-45bd-b912-f974218d9277'}, {'key': 'X-IBM-Client-Secret', 'value': 'C8jN8tM4tU5rS5qK2nX4jR0dR5bG4cQ6aH5uF3rU5fK1sW0dN0'}, {'key': 'User-Agent', 'value': 'PostmanRuntime/7.29.0', 'system': True}, {'key': 'Cache-Control', 'value': 'no-cache', 'system': True}, {'key': 'Postman-Token', 'value': '21050adb-c19c-4f71-b1fb-5824a05455ee', 'system': True}, {'key': 'Host', 'value': 'apixgw2.bot.or.th', 'system': True}, {'key': 'Accept-Encoding', 'value': 'gzip, deflate, br', 'system': True}, {'key': 'Connection', 'value': 'keep-alive', 'system': True}, {'key': 'Content-Length', 'value': '560', 'system': True}], 'method': 'POST', 'body': {'mode': 'raw', 'raw': '\r\n{\r\n    "payment_status_request": {\r\n        "from": "BOTHTHB1DDG",\r\n        "update_payment_scenario": "CCTR",\r\n        "instruction_identification": "210222000072002",\r\n        "payment_status": {\r\n            "originator": "BOTHTHB1DDG",\r\n            "transaction_status": {\r\n                "status": "ACSP",\r\n                "reason" : "G002"\r\n            },\r\n            "return": false,\r\n            "charge_bearer" : "SHAR",\r\n            "charge_amount": [{\r\n            "currency":"THB",\r\n            "amount":"0.00"\r\n         }]\r\n        }\r\n    }\r\n}', 'options': {'raw': {'language': 'json'}}}, 'auth': {'type': 'noauth', 'noauth': []}, 'certificate': {'id': '7a2d5195-cb9c-4026-815b-70820a8c5398', 'name': 'client-cert', 'matches': [{'pattern': '&lt;all_urls&gt;'}], 'key': {'src': 'C:/Users/AtiwitK/Documents/Postman/DDG-2-key.pem'}, 'cert': {'src': 'C:/Users/AtiwitK/Documents/Postman/DDG-2-cert.pem'}, 'pfx': {}}}, 'response': {'id': '20204387-b05e-4554-884d-6c842f1227ea', 'status': 'OK', 'code': 200, 'header': [{'key': 'X-Backside-Transport', 'value': 'OK OK'}, {'key': 'Connection', 'value': 'Keep-Alive'}, {'key': 'Transfer-Encoding', 'value': 'chunked'}, {'key': 'Cache-Control', 'value': 'no-cache'}, {'key': 'Pragma', 'value': 'no-cache'}, {'key': 'Content-Type', 'value': 'application/json'}, {'key': 'Content-Language', 'value': 'en-US'}, {'key': 'Expires', 'value': '-1'}, {'key': 'Server', 'value': 'Microsoft-IIS/10.0,IBM,App,Connect,Enterprise'}, {'key': 'Strict-Transport-Security', 'value': 'max-age=31536000; includeSubDomains; preload'}, {'key': 'X-Original-HTTP-Status-Code', 'value': '200'}, {'key': 'X-Powered-By', 'value': 'Servlet/3.1,ASP.NET'}, {'key': 'X-AspNet-Version', 'value': '4.0.30319'}, {'key': 'Date', 'value': 'Thu, 19 Sep 2024 09:42:38 GMT'}, {'key': 'X-Global-Transaction-ID', 'value': '196c556566ebf20d09d22142'}, {'key': 'X-RateLimit-Limit', 'value': 'name=rate-limit-1,50;'}, {'key': 'X-RateLimit-Remaining', 'value': 'name=rate-limit-1,48;'}, {'key': 'Content-Encoding', 'value': 'gzip'}], 'stream': {'type': 'Buffer', 'data': [123, 34, 112, 97, 121, 109, 101, 110, 116, 95, 115, 116, 97, 116, 117, 115, 95, 114, 101, 115, 112, 111, 110, 115, 101, 34, 58, 123, 34, 105, 110, 115, 116, 114, 117, 99, 116, 105, 111, 110, 95, 105, 100, 101, 110, 116, 105, 102, 105, 99, 97, 116, 105, 111, 110, 34, 58, 34, 50, 49, 48, 50, 50, 50, 48, 48, 48, 48, 55, 50, 48, 48, 50, 34, 44, 34, 114, 101, 115, 112, 111, 110, 115, 101, 95, 99, 111, 100, 101, 34, 58, 34, 69, 34, 44, 34, 114, 101, 97, 115, 111, 110, 34, 58, 34, 78, 111, 32, 112, 101, 114, 109, 105, 115, 115, 105, 111, 110, 32, 102, 111, 114, 32, 117, 115, 105, 110, 103, 32, 102, 117, 110, 99, 116, 105, 111, 110, 32, 66, 78, 85, 112, 100, 97, 116, 101, 83, 116, 97, 116, 117, 115, 84, 114, 97, 99, 107, 105, 110, 103, 46, 34, 125, 125]}, 'cookie': [], 'responseTime': 1011, 'responseSize': 164}, 'id': '9bc0e91d-3de4-4c1f-9a93-80777fc8212d'}, {'cursor': {'ref': 'e6f4cd38-952c-4512-bb5f-eafd2c239aca', 'length': 3, 'cycles': 1, 'position': 2, 'iteration': 0, 'httpRequestId': '8b344544-b4ec-482a-8c78-6cfa309535f0'}, 'item': {'id': '2b88f13f-bf38-4107-856f-842cd1903a5a', 'name': 'DDG - ST3 - CONNECTION', 'request': {'url': {'protocol': 'https', 'path': ['bot-iwt', 'partner-extranet', 'bnapi', 'inquiry-status-tracking'], 'host': ['apixgw2', 'bot', 'or', 'th'], 'query': [], 'variable': []}, 'header': [{'key': 'accept', 'value': 'application/json'}, {'key': 'content-type', 'value': 'application/json'}, {'key': 'X-IBM-Client-Id', 'value': 'a7f05458-6cc3-45bd-b912-f974218d9277'}, {'key': 'X-IBM-Client-Secret', 'value': 'C8jN8tM4tU5rS5qK2nX4jR0dR5bG4cQ6aH5uF3rU5fK1sW0dN0'}], 'method': 'POST', 'body': {'mode': 'raw', 'raw': '{}', 'options': {'raw': {'language': 'json'}}}, 'auth': {'type': 'noauth', 'noauth': []}}, 'response': [], 'event': [], 'protocolProfileBehavior': {'disabledSystemHeaders': {'accept': True, 'content-type': True}, 'followOriginalHttpMethod': False, 'strictSSL': False}}, 'request': {'url': {'protocol': 'https', 'path': ['bot-iwt', 'partner-extranet', 'bnapi', 'inquiry-status-tracking'], 'host': ['apixgw2', 'bot', 'or', 'th'], 'query': [], 'variable': []}, 'header': [{'key': 'accept', 'value': 'application/json'}, {'key': 'content-type', 'value': 'application/json'}, {'key': 'X-IBM-Client-Id', 'value': 'a7f05458-6cc3-45bd-b912-f974218d9277'}, {'key': 'X-IBM-Client-Secret', 'value': 'C8jN8tM4tU5rS5qK2nX4jR0dR5bG4cQ6aH5uF3rU5fK1sW0dN0'}, {'key': 'User-Agent', 'value': 'PostmanRuntime/7.29.0', 'system': True}, {'key': 'Cache-Control', 'value': 'no-cache', 'system': True}, {'key': 'Postman-Token', 'value': '6ee20088-b668-49a8-9b92-48ec8398e6e9', 'system': True}, {'key': 'Host', 'value': 'apixgw2.bot.or.th', 'system': True}, {'key': 'Accept-Encoding', 'value': 'gzip, deflate, br', 'system': True}, {'key': 'Connection', 'value': 'keep-alive', 'system': True}, {'key': 'Content-Length', 'value': '2', 'system': True}], 'method': 'POST', 'body': {'mode': 'raw', 'raw': '{}', 'options': {'raw': {'language': 'json'}}}, 'auth': {'type': 'noauth', 'noauth': []}, 'certificate': {'id': '7a2d5195-cb9c-4026-815b-70820a8c5398', 'name': 'client-cert', 'matches': [{'pattern': '&lt;all_urls&gt;'}], 'key': {'src': 'C:/Users/AtiwitK/Documents/Postman/DDG-2-key.pem'}, 'cert': {'src': 'C:/Users/AtiwitK/Documents/Postman/DDG-2-cert.pem'}, 'pfx': {}}}, 'response': {'id': '19ba2953-2ca5-4daf-9d2e-a691d66f2359', 'status': 'Bad Request', 'code': 400, 'header': [{'key': 'X-Backside-Transport', 'value': 'FAIL FAIL'}, {'key': 'Connection', 'value': 'Keep-Alive'}, {'key': 'Transfer-Encoding', 'value': 'chunked'}, {'key': 'Cache-Control', 'value': 'no-cache'}, {'key': 'Pragma', 'value': 'no-cache'}, {'key': 'Content-Type', 'value': 'application/json'}, {'key': 'Content-Language', 'value': 'en-US'}, {'key': 'Expires', 'value': '-1'}, {'key': 'Server', 'value': 'Microsoft-IIS/10.0,IBM,App,Connect,Enterprise'}, {'key': 'Strict-Transport-Security', 'value': 'max-age=31536000; includeSubDomains; preload'}, {'key': 'X-Original-HTTP-Status-Code', 'value': '400'}, {'key': 'X-Powered-By', 'value': 'Servlet/3.1,ASP.NET'}, {'key': 'X-AspNet-Version', 'value': '4.0.30319'}, {'key': 'Date', 'value': 'Thu, 19 Sep 2024 09:42:38 GMT'}, {'key': 'X-Global-Transaction-ID', 'value': '196c556566ebf20e0704e751'}, {'key': 'X-RateLimit-Limit', 'value': 'name=rate-limit-1,50;'}, {'key': 'X-RateLimit-Remaining', 'value': 'name=rate-limit-1,47;'}, {'key': 'Content-Encoding', 'value': 'gzip'}], 'stream': {'type': 'Buffer', 'data': [123, 34, 105, 110, 113, 117, 105, 114, 121, 95, 114, 101, 115, 112, 111, 110, 115, 101, 34, 58, 123, 34, 114, 101, 115, 112, 111, 110, 115, 101, 95, 99, 111, 100, 101, 34, 58, 34, 69, 34, 44, 34, 114, 101, 97, 115, 111, 110, 34, 58, 34, 70, 105, 101, 108, 100, 32, 105, 110, 113, 117, 105, 114, 121, 95, 114, 101, 113, 117, 101, 115, 116, 32, 105, 115, 32, 114, 101, 113, 117, 105, 114, 101, 100, 46, 34, 44, 34, 114, 101, 116, 117, 114, 110, 95, 114, 101, 115, 117, 108, 116, 34, 58, 91, 93, 125, 125]}, 'cookie': [], 'responseTime': 499, 'responseSize': 107}, 'id': '2b88f13f-bf38-4107-856f-842cd1903a5a'}], 'transfers': {'responseTotal': 409}, 'failures': [], 'error': None}}</msg>
<arg>result: ${result}</arg>
<doc>Logs the given message with the given level.</doc>
<status status="PASS" start="2024-09-19T16:42:39.015605" elapsed="0.000000"/>
</kw>
<kw name="Set Global Variable" owner="BuiltIn">
<msg time="2024-09-19T16:42:39.015605" level="INFO">${result_body} = {'collection': {'_': {'postman_id': '4fa65d04-e674-403e-8c63-412eef2ca269'}, 'item': [{'id': '601f0ad7-f1f8-49b0-936d-ad30040e5d39', 'name': 'DDG - ST1 - INQUIRY', 'request': {'url': {'protocol': 'htt...</msg>
<arg>${result_body}</arg>
<arg>${result}</arg>
<doc>Makes a variable available globally in all tests and suites.</doc>
<status status="PASS" start="2024-09-19T16:42:39.015605" elapsed="0.000000"/>
</kw>
<kw name="Get Value From Json" owner="JSONLibrary">
<msg time="2024-09-19T16:42:39.090220" level="INFO">${run} = [{'stats': {'iterations': {'total': 1, 'pending': 0, 'failed': 0}, 'items': {'total': 3, 'pending': 0, 'failed': 0}, 'scripts': {'total': 6, 'pending': 0, 'failed': 0}, 'prerequests': {'total': 3, 'pe...</msg>
<var>${run}</var>
<arg>${result}</arg>
<arg>run</arg>
<doc>Get Value From JSON using JSONPath</doc>
<status status="PASS" start="2024-09-19T16:42:39.015605" elapsed="0.074615"/>
</kw>
<kw name="Log" owner="BuiltIn">
<msg time="2024-09-19T16:42:39.091222" level="INFO">run: [{'stats': {'iterations': {'total': 1, 'pending': 0, 'failed': 0}, 'items': {'total': 3, 'pending': 0, 'failed': 0}, 'scripts': {'total': 6, 'pending': 0, 'failed': 0}, 'prerequests': {'total': 3, 'pending': 0, 'failed': 0}, 'requests': {'total': 3, 'pending': 0, 'failed': 0}, 'tests': {'total': 3, 'pending': 0, 'failed': 0}, 'assertions': {'total': 0, 'pending': 0, 'failed': 0}, 'testScripts': {'total': 3, 'pending': 0, 'failed': 0}, 'prerequestScripts': {'total': 3, 'pending': 0, 'failed': 0}}, 'timings': {'responseAverage': 1060, 'responseMin': 499, 'responseMax': 1670, 'responseSd': 479.3127023840143, 'dnsAverage': 0, 'dnsMin': 0, 'dnsMax': 0, 'dnsSd': 0, 'firstByteAverage': 0, 'firstByteMin': 0, 'firstByteMax': 0, 'firstByteSd': 0, 'started': 1726738955446, 'completed': 1726738958956}, 'executions': [{'cursor': {'position': 0, 'iteration': 0, 'length': 3, 'cycles': 1, 'empty': False, 'eof': False, 'bof': True, 'cr': False, 'ref': 'de5f906b-1483-45d1-9e49-bc76814a861c', 'httpRequestId': 'e38fd4e1-0978-41d6-b074-35923cd0462e'}, 'item': {'id': '601f0ad7-f1f8-49b0-936d-ad30040e5d39', 'name': 'DDG - ST1 - INQUIRY', 'request': {'url': {'protocol': 'https', 'path': ['bot-iwt', 'partner-extranet', 'bnapi', 'inquiry-status-tracking'], 'host': ['apixgw2', 'bot', 'or', 'th'], 'query': [], 'variable': []}, 'header': [{'key': 'accept', 'value': 'application/json'}, {'key': 'content-type', 'value': 'application/json'}, {'key': 'X-IBM-Client-Id', 'value': 'a7f05458-6cc3-45bd-b912-f974218d9277'}, {'key': 'X-IBM-Client-Secret', 'value': 'C8jN8tM4tU5rS5qK2nX4jR0dR5bG4cQ6aH5uF3rU5fK1sW0dN0'}], 'method': 'POST', 'body': {'mode': 'raw', 'raw': '{\r\n    "inquiry_request": {\r\n        "credit_bic": "BOTHTHB1DDG",\r\n        "settlement_date": "2021-04-28"\r\n    }\r\n}', 'options': {'raw': {'language': 'json'}}}, 'auth': {'type': 'noauth', 'noauth': []}}, 'response': [], 'event': [], 'protocolProfileBehavior': {'disabledSystemHeaders': {'content-type': True, 'accept': True}, 'strictSSL': False, 'followOriginalHttpMethod': False}}, 'request': {'url': {'protocol': 'https', 'path': ['bot-iwt', 'partner-extranet', 'bnapi', 'inquiry-status-tracking'], 'host': ['apixgw2', 'bot', 'or', 'th'], 'query': [], 'variable': []}, 'header': [{'key': 'accept', 'value': 'application/json'}, {'key': 'content-type', 'value': 'application/json'}, {'key': 'X-IBM-Client-Id', 'value': 'a7f05458-6cc3-45bd-b912-f974218d9277'}, {'key': 'X-IBM-Client-Secret', 'value': 'C8jN8tM4tU5rS5qK2nX4jR0dR5bG4cQ6aH5uF3rU5fK1sW0dN0'}, {'key': 'User-Agent', 'value': 'PostmanRuntime/7.29.0', 'system': True}, {'key': 'Cache-Control', 'value': 'no-cache', 'system': True}, {'key': 'Postman-Token', 'value': 'da4e2d64-0a44-48b3-ae32-363e9feab394', 'system': True}, {'key': 'Host', 'value': 'apixgw2.bot.or.th', 'system': True}, {'key': 'Accept-Encoding', 'value': 'gzip, deflate, br', 'system': True}, {'key': 'Connection', 'value': 'keep-alive', 'system': True}, {'key': 'Content-Length', 'value': '116', 'system': True}], 'method': 'POST', 'body': {'mode': 'raw', 'raw': '{\r\n    "inquiry_request": {\r\n        "credit_bic": "BOTHTHB1DDG",\r\n        "settlement_date": "2021-04-28"\r\n    }\r\n}', 'options': {'raw': {'language': 'json'}}}, 'auth': {'type': 'noauth', 'noauth': []}, 'certificate': {'id': '7a2d5195-cb9c-4026-815b-70820a8c5398', 'name': 'client-cert', 'matches': [{'pattern': '&lt;all_urls&gt;'}], 'key': {'src': 'C:/Users/AtiwitK/Documents/Postman/DDG-2-key.pem'}, 'cert': {'src': 'C:/Users/AtiwitK/Documents/Postman/DDG-2-cert.pem'}, 'pfx': {}}}, 'response': {'id': '87d2dc28-f9be-40e5-9aba-898b045eab30', 'status': 'Bad Request', 'code': 400, 'header': [{'key': 'X-Backside-Transport', 'value': 'FAIL FAIL'}, {'key': 'Connection', 'value': 'Keep-Alive'}, {'key': 'Transfer-Encoding', 'value': 'chunked'}, {'key': 'Cache-Control', 'value': 'no-cache'}, {'key': 'Pragma', 'value': 'no-cache'}, {'key': 'Content-Type', 'value': 'application/json'}, {'key': 'Content-Language', 'value': 'en-US'}, {'key': 'Expires', 'value': '-1'}, {'key': 'Server', 'value': 'Microsoft-IIS/10.0,IBM,App,Connect,Enterprise'}, {'key': 'Strict-Transport-Security', 'value': 'max-age=31536000; includeSubDomains; preload'}, {'key': 'X-Original-HTTP-Status-Code', 'value': '400'}, {'key': 'X-Powered-By', 'value': 'Servlet/3.1,ASP.NET'}, {'key': 'X-AspNet-Version', 'value': '4.0.30319'}, {'key': 'Date', 'value': 'Thu, 19 Sep 2024 09:42:37 GMT'}, {'key': 'X-Global-Transaction-ID', 'value': '196c556566ebf20b066e1c03'}, {'key': 'X-RateLimit-Limit', 'value': 'name=rate-limit-1,50;'}, {'key': 'X-RateLimit-Remaining', 'value': 'name=rate-limit-1,49;'}, {'key': 'Content-Encoding', 'value': 'gzip'}], 'stream': {'type': 'Buffer', 'data': [123, 34, 105, 110, 113, 117, 105, 114, 121, 95, 114, 101, 115, 112, 111, 110, 115, 101, 34, 58, 123, 34, 114, 101, 115, 112, 111, 110, 115, 101, 95, 99, 111, 100, 101, 34, 58, 34, 69, 34, 44, 34, 114, 101, 97, 115, 111, 110, 34, 58, 34, 84, 104, 101, 32, 115, 101, 116, 116, 108, 101, 109, 101, 110, 116, 32, 100, 97, 116, 101, 32, 111, 102, 32, 116, 104, 105, 115, 32, 116, 114, 97, 110, 115, 97, 99, 116, 105, 111, 110, 32, 105, 115, 32, 101, 120, 99, 101, 101, 100, 115, 32, 116, 104, 97, 110, 32, 49, 56, 48, 32, 100, 97, 121, 115, 46, 34, 44, 34, 114, 101, 116, 117, 114, 110, 95, 114, 101, 115, 117, 108, 116, 34, 58, 91, 93, 125, 125]}, 'cookie': [], 'responseTime': 1670, 'responseSize': 138}, 'id': '601f0ad7-f1f8-49b0-936d-ad30040e5d39'}, {'cursor': {'ref': '66d08c43-4092-4b7e-b4c7-ebdeccaed9f6', 'length': 3, 'cycles': 1, 'position': 1, 'iteration': 0, 'httpRequestId': 'fd4f6a6e-3830-4f40-9f91-1c837a7eb65c'}, 'item': {'id': '9bc0e91d-3de4-4c1f-9a93-80777fc8212d', 'name': 'DDG- ST2 - UPDATE', 'request': {'url': {'protocol': 'https', 'path': ['bot-iwt', 'partner-extranet', 'bnapi', 'update-status-tracking'], 'host': ['apixgw2', 'bot', 'or', 'th'], 'query': [], 'variable': []}, 'header': [{'key': 'accept', 'value': 'application/json'}, {'key': 'content-type', 'value': 'application/json'}, {'key': 'X-IBM-Client-Id', 'value': 'a7f05458-6cc3-45bd-b912-f974218d9277'}, {'key': 'X-IBM-Client-Secret', 'value': 'C8jN8tM4tU5rS5qK2nX4jR0dR5bG4cQ6aH5uF3rU5fK1sW0dN0'}], 'method': 'POST', 'body': {'mode': 'raw', 'raw': '\r\n{\r\n    "payment_status_request": {\r\n        "from": "BOTHTHB1DDG",\r\n        "update_payment_scenario": "CCTR",\r\n        "instruction_identification": "210222000072002",\r\n        "payment_status": {\r\n            "originator": "BOTHTHB1DDG",\r\n            "transaction_status": {\r\n                "status": "ACSP",\r\n                "reason" : "G002"\r\n            },\r\n            "return": false,\r\n            "charge_bearer" : "SHAR",\r\n            "charge_amount": [{\r\n            "currency":"THB",\r\n            "amount":"0.00"\r\n         }]\r\n        }\r\n    }\r\n}', 'options': {'raw': {'language': 'json'}}}, 'auth': {'type': 'noauth', 'noauth': []}}, 'response': [], 'event': [], 'protocolProfileBehavior': {'disabledSystemHeaders': {'accept': True, 'content-type': True}, 'strictSSL': False, 'followOriginalHttpMethod': False}}, 'request': {'url': {'protocol': 'https', 'path': ['bot-iwt', 'partner-extranet', 'bnapi', 'update-status-tracking'], 'host': ['apixgw2', 'bot', 'or', 'th'], 'query': [], 'variable': []}, 'header': [{'key': 'accept', 'value': 'application/json'}, {'key': 'content-type', 'value': 'application/json'}, {'key': 'X-IBM-Client-Id', 'value': 'a7f05458-6cc3-45bd-b912-f974218d9277'}, {'key': 'X-IBM-Client-Secret', 'value': 'C8jN8tM4tU5rS5qK2nX4jR0dR5bG4cQ6aH5uF3rU5fK1sW0dN0'}, {'key': 'User-Agent', 'value': 'PostmanRuntime/7.29.0', 'system': True}, {'key': 'Cache-Control', 'value': 'no-cache', 'system': True}, {'key': 'Postman-Token', 'value': '21050adb-c19c-4f71-b1fb-5824a05455ee', 'system': True}, {'key': 'Host', 'value': 'apixgw2.bot.or.th', 'system': True}, {'key': 'Accept-Encoding', 'value': 'gzip, deflate, br', 'system': True}, {'key': 'Connection', 'value': 'keep-alive', 'system': True}, {'key': 'Content-Length', 'value': '560', 'system': True}], 'method': 'POST', 'body': {'mode': 'raw', 'raw': '\r\n{\r\n    "payment_status_request": {\r\n        "from": "BOTHTHB1DDG",\r\n        "update_payment_scenario": "CCTR",\r\n        "instruction_identification": "210222000072002",\r\n        "payment_status": {\r\n            "originator": "BOTHTHB1DDG",\r\n            "transaction_status": {\r\n                "status": "ACSP",\r\n                "reason" : "G002"\r\n            },\r\n            "return": false,\r\n            "charge_bearer" : "SHAR",\r\n            "charge_amount": [{\r\n            "currency":"THB",\r\n            "amount":"0.00"\r\n         }]\r\n        }\r\n    }\r\n}', 'options': {'raw': {'language': 'json'}}}, 'auth': {'type': 'noauth', 'noauth': []}, 'certificate': {'id': '7a2d5195-cb9c-4026-815b-70820a8c5398', 'name': 'client-cert', 'matches': [{'pattern': '&lt;all_urls&gt;'}], 'key': {'src': 'C:/Users/AtiwitK/Documents/Postman/DDG-2-key.pem'}, 'cert': {'src': 'C:/Users/AtiwitK/Documents/Postman/DDG-2-cert.pem'}, 'pfx': {}}}, 'response': {'id': '20204387-b05e-4554-884d-6c842f1227ea', 'status': 'OK', 'code': 200, 'header': [{'key': 'X-Backside-Transport', 'value': 'OK OK'}, {'key': 'Connection', 'value': 'Keep-Alive'}, {'key': 'Transfer-Encoding', 'value': 'chunked'}, {'key': 'Cache-Control', 'value': 'no-cache'}, {'key': 'Pragma', 'value': 'no-cache'}, {'key': 'Content-Type', 'value': 'application/json'}, {'key': 'Content-Language', 'value': 'en-US'}, {'key': 'Expires', 'value': '-1'}, {'key': 'Server', 'value': 'Microsoft-IIS/10.0,IBM,App,Connect,Enterprise'}, {'key': 'Strict-Transport-Security', 'value': 'max-age=31536000; includeSubDomains; preload'}, {'key': 'X-Original-HTTP-Status-Code', 'value': '200'}, {'key': 'X-Powered-By', 'value': 'Servlet/3.1,ASP.NET'}, {'key': 'X-AspNet-Version', 'value': '4.0.30319'}, {'key': 'Date', 'value': 'Thu, 19 Sep 2024 09:42:38 GMT'}, {'key': 'X-Global-Transaction-ID', 'value': '196c556566ebf20d09d22142'}, {'key': 'X-RateLimit-Limit', 'value': 'name=rate-limit-1,50;'}, {'key': 'X-RateLimit-Remaining', 'value': 'name=rate-limit-1,48;'}, {'key': 'Content-Encoding', 'value': 'gzip'}], 'stream': {'type': 'Buffer', 'data': [123, 34, 112, 97, 121, 109, 101, 110, 116, 95, 115, 116, 97, 116, 117, 115, 95, 114, 101, 115, 112, 111, 110, 115, 101, 34, 58, 123, 34, 105, 110, 115, 116, 114, 117, 99, 116, 105, 111, 110, 95, 105, 100, 101, 110, 116, 105, 102, 105, 99, 97, 116, 105, 111, 110, 34, 58, 34, 50, 49, 48, 50, 50, 50, 48, 48, 48, 48, 55, 50, 48, 48, 50, 34, 44, 34, 114, 101, 115, 112, 111, 110, 115, 101, 95, 99, 111, 100, 101, 34, 58, 34, 69, 34, 44, 34, 114, 101, 97, 115, 111, 110, 34, 58, 34, 78, 111, 32, 112, 101, 114, 109, 105, 115, 115, 105, 111, 110, 32, 102, 111, 114, 32, 117, 115, 105, 110, 103, 32, 102, 117, 110, 99, 116, 105, 111, 110, 32, 66, 78, 85, 112, 100, 97, 116, 101, 83, 116, 97, 116, 117, 115, 84, 114, 97, 99, 107, 105, 110, 103, 46, 34, 125, 125]}, 'cookie': [], 'responseTime': 1011, 'responseSize': 164}, 'id': '9bc0e91d-3de4-4c1f-9a93-80777fc8212d'}, {'cursor': {'ref': 'e6f4cd38-952c-4512-bb5f-eafd2c239aca', 'length': 3, 'cycles': 1, 'position': 2, 'iteration': 0, 'httpRequestId': '8b344544-b4ec-482a-8c78-6cfa309535f0'}, 'item': {'id': '2b88f13f-bf38-4107-856f-842cd1903a5a', 'name': 'DDG - ST3 - CONNECTION', 'request': {'url': {'protocol': 'https', 'path': ['bot-iwt', 'partner-extranet', 'bnapi', 'inquiry-status-tracking'], 'host': ['apixgw2', 'bot', 'or', 'th'], 'query': [], 'variable': []}, 'header': [{'key': 'accept', 'value': 'application/json'}, {'key': 'content-type', 'value': 'application/json'}, {'key': 'X-IBM-Client-Id', 'value': 'a7f05458-6cc3-45bd-b912-f974218d9277'}, {'key': 'X-IBM-Client-Secret', 'value': 'C8jN8tM4tU5rS5qK2nX4jR0dR5bG4cQ6aH5uF3rU5fK1sW0dN0'}], 'method': 'POST', 'body': {'mode': 'raw', 'raw': '{}', 'options': {'raw': {'language': 'json'}}}, 'auth': {'type': 'noauth', 'noauth': []}}, 'response': [], 'event': [], 'protocolProfileBehavior': {'disabledSystemHeaders': {'accept': True, 'content-type': True}, 'followOriginalHttpMethod': False, 'strictSSL': False}}, 'request': {'url': {'protocol': 'https', 'path': ['bot-iwt', 'partner-extranet', 'bnapi', 'inquiry-status-tracking'], 'host': ['apixgw2', 'bot', 'or', 'th'], 'query': [], 'variable': []}, 'header': [{'key': 'accept', 'value': 'application/json'}, {'key': 'content-type', 'value': 'application/json'}, {'key': 'X-IBM-Client-Id', 'value': 'a7f05458-6cc3-45bd-b912-f974218d9277'}, {'key': 'X-IBM-Client-Secret', 'value': 'C8jN8tM4tU5rS5qK2nX4jR0dR5bG4cQ6aH5uF3rU5fK1sW0dN0'}, {'key': 'User-Agent', 'value': 'PostmanRuntime/7.29.0', 'system': True}, {'key': 'Cache-Control', 'value': 'no-cache', 'system': True}, {'key': 'Postman-Token', 'value': '6ee20088-b668-49a8-9b92-48ec8398e6e9', 'system': True}, {'key': 'Host', 'value': 'apixgw2.bot.or.th', 'system': True}, {'key': 'Accept-Encoding', 'value': 'gzip, deflate, br', 'system': True}, {'key': 'Connection', 'value': 'keep-alive', 'system': True}, {'key': 'Content-Length', 'value': '2', 'system': True}], 'method': 'POST', 'body': {'mode': 'raw', 'raw': '{}', 'options': {'raw': {'language': 'json'}}}, 'auth': {'type': 'noauth', 'noauth': []}, 'certificate': {'id': '7a2d5195-cb9c-4026-815b-70820a8c5398', 'name': 'client-cert', 'matches': [{'pattern': '&lt;all_urls&gt;'}], 'key': {'src': 'C:/Users/AtiwitK/Documents/Postman/DDG-2-key.pem'}, 'cert': {'src': 'C:/Users/AtiwitK/Documents/Postman/DDG-2-cert.pem'}, 'pfx': {}}}, 'response': {'id': '19ba2953-2ca5-4daf-9d2e-a691d66f2359', 'status': 'Bad Request', 'code': 400, 'header': [{'key': 'X-Backside-Transport', 'value': 'FAIL FAIL'}, {'key': 'Connection', 'value': 'Keep-Alive'}, {'key': 'Transfer-Encoding', 'value': 'chunked'}, {'key': 'Cache-Control', 'value': 'no-cache'}, {'key': 'Pragma', 'value': 'no-cache'}, {'key': 'Content-Type', 'value': 'application/json'}, {'key': 'Content-Language', 'value': 'en-US'}, {'key': 'Expires', 'value': '-1'}, {'key': 'Server', 'value': 'Microsoft-IIS/10.0,IBM,App,Connect,Enterprise'}, {'key': 'Strict-Transport-Security', 'value': 'max-age=31536000; includeSubDomains; preload'}, {'key': 'X-Original-HTTP-Status-Code', 'value': '400'}, {'key': 'X-Powered-By', 'value': 'Servlet/3.1,ASP.NET'}, {'key': 'X-AspNet-Version', 'value': '4.0.30319'}, {'key': 'Date', 'value': 'Thu, 19 Sep 2024 09:42:38 GMT'}, {'key': 'X-Global-Transaction-ID', 'value': '196c556566ebf20e0704e751'}, {'key': 'X-RateLimit-Limit', 'value': 'name=rate-limit-1,50;'}, {'key': 'X-RateLimit-Remaining', 'value': 'name=rate-limit-1,47;'}, {'key': 'Content-Encoding', 'value': 'gzip'}], 'stream': {'type': 'Buffer', 'data': [123, 34, 105, 110, 113, 117, 105, 114, 121, 95, 114, 101, 115, 112, 111, 110, 115, 101, 34, 58, 123, 34, 114, 101, 115, 112, 111, 110, 115, 101, 95, 99, 111, 100, 101, 34, 58, 34, 69, 34, 44, 34, 114, 101, 97, 115, 111, 110, 34, 58, 34, 70, 105, 101, 108, 100, 32, 105, 110, 113, 117, 105, 114, 121, 95, 114, 101, 113, 117, 101, 115, 116, 32, 105, 115, 32, 114, 101, 113, 117, 105, 114, 101, 100, 46, 34, 44, 34, 114, 101, 116, 117, 114, 110, 95, 114, 101, 115, 117, 108, 116, 34, 58, 91, 93, 125, 125]}, 'cookie': [], 'responseTime': 499, 'responseSize': 107}, 'id': '2b88f13f-bf38-4107-856f-842cd1903a5a'}], 'transfers': {'responseTotal': 409}, 'failures': [], 'error': None}]</msg>
<arg>run: ${run}</arg>
<doc>Logs the given message with the given level.</doc>
<status status="PASS" start="2024-09-19T16:42:39.091222" elapsed="0.000000"/>
</kw>
<kw name="Set Global Variable" owner="BuiltIn">
<msg time="2024-09-19T16:42:39.092222" level="INFO">${stats} = [{'stats': {'iterations': {'total': 1, 'pending': 0, 'failed': 0}, 'items': {'total': 3, 'pending': 0, 'failed': 0}, 'scripts': {'total': 6, 'pending': 0, 'failed': 0}, 'prerequests': {'total': 3, 'pe...</msg>
<arg>${stats}</arg>
<arg>${run}</arg>
<doc>Makes a variable available globally in all tests and suites.</doc>
<status status="PASS" start="2024-09-19T16:42:39.091222" elapsed="0.002007"/>
</kw>
<status status="PASS" start="2024-09-19T16:42:38.999979" elapsed="0.093250"/>
</kw>
<kw name="Get 'Executed' and 'Failed' status from 'iterations, requests, test-scripts, prerequest-scripts and assertions'">
<kw name="Create List" owner="BuiltIn">
<msg time="2024-09-19T16:42:39.094227" level="INFO">${status} = ['iterations', 'requests', 'testScripts', 'prerequestScripts', 'assertions']</msg>
<var>${status}</var>
<arg>iterations</arg>
<arg>requests</arg>
<arg>testScripts</arg>
<arg>prerequestScripts</arg>
<arg>assertions</arg>
<doc>Returns a list containing given items.</doc>
<status status="PASS" start="2024-09-19T16:42:39.093229" elapsed="0.000998"/>
</kw>
<for flavor="IN">
<iter>
<kw name="Get Value From Json" owner="JSONLibrary">
<msg time="2024-09-19T16:42:39.111629" level="INFO">${executed} = [1]</msg>
<var>${executed}</var>
<arg>${stats}</arg>
<arg>$..${status_key}.total</arg>
<doc>Get Value From JSON using JSONPath</doc>
<status status="PASS" start="2024-09-19T16:42:39.094227" elapsed="0.017402"/>
</kw>
<kw name="Get Value From Json" owner="JSONLibrary">
<msg time="2024-09-19T16:42:39.132151" level="INFO">${failed} = [0]</msg>
<var>${failed}</var>
<arg>${stats}</arg>
<arg>$..${status_key}.failed</arg>
<doc>Get Value From JSON using JSONPath</doc>
<status status="PASS" start="2024-09-19T16:42:39.111629" elapsed="0.020522"/>
</kw>
<kw name="Convert To String" owner="BuiltIn">
<msg time="2024-09-19T16:42:39.132151" level="INFO">${executed_str} = 1</msg>
<var>${executed_str}</var>
<arg>${executed}[0]</arg>
<doc>Converts the given item to a Unicode string.</doc>
<status status="PASS" start="2024-09-19T16:42:39.132151" elapsed="0.000000"/>
</kw>
<kw name="Convert To String" owner="BuiltIn">
<msg time="2024-09-19T16:42:39.133152" level="INFO">${failed_str} = 0</msg>
<var>${failed_str}</var>
<arg>${failed}[0]</arg>
<doc>Converts the given item to a Unicode string.</doc>
<status status="PASS" start="2024-09-19T16:42:39.133152" elapsed="0.000000"/>
</kw>
<kw name="Set Global Variable" owner="BuiltIn">
<msg time="2024-09-19T16:42:39.133152" level="INFO">${iterations_executed_value} = 1</msg>
<arg>${${status_key}_executed_value}</arg>
<arg>${executed_str}[0]</arg>
<doc>Makes a variable available globally in all tests and suites.</doc>
<status status="PASS" start="2024-09-19T16:42:39.133152" elapsed="0.000000"/>
</kw>
<kw name="Set Global Variable" owner="BuiltIn">
<msg time="2024-09-19T16:42:39.134152" level="INFO">${iterations_failed_value} = 0</msg>
<arg>${${status_key}_failed_value}</arg>
<arg>${failed_str}[0]</arg>
<doc>Makes a variable available globally in all tests and suites.</doc>
<status status="PASS" start="2024-09-19T16:42:39.134152" elapsed="0.000000"/>
</kw>
<var name="${status_key}">iterations</var>
<status status="PASS" start="2024-09-19T16:42:39.094227" elapsed="0.039925"/>
</iter>
<iter>
<kw name="Get Value From Json" owner="JSONLibrary">
<msg time="2024-09-19T16:42:39.152981" level="INFO">${executed} = [3]</msg>
<var>${executed}</var>
<arg>${stats}</arg>
<arg>$..${status_key}.total</arg>
<doc>Get Value From JSON using JSONPath</doc>
<status status="PASS" start="2024-09-19T16:42:39.134152" elapsed="0.018829"/>
</kw>
<kw name="Get Value From Json" owner="JSONLibrary">
<msg time="2024-09-19T16:42:39.169993" level="INFO">${failed} = [0]</msg>
<var>${failed}</var>
<arg>${stats}</arg>
<arg>$..${status_key}.failed</arg>
<doc>Get Value From JSON using JSONPath</doc>
<status status="PASS" start="2024-09-19T16:42:39.153981" elapsed="0.016012"/>
</kw>
<kw name="Convert To String" owner="BuiltIn">
<msg time="2024-09-19T16:42:39.170981" level="INFO">${executed_str} = 3</msg>
<var>${executed_str}</var>
<arg>${executed}[0]</arg>
<doc>Converts the given item to a Unicode string.</doc>
<status status="PASS" start="2024-09-19T16:42:39.170981" elapsed="0.000000"/>
</kw>
<kw name="Convert To String" owner="BuiltIn">
<msg time="2024-09-19T16:42:39.170981" level="INFO">${failed_str} = 0</msg>
<var>${failed_str}</var>
<arg>${failed}[0]</arg>
<doc>Converts the given item to a Unicode string.</doc>
<status status="PASS" start="2024-09-19T16:42:39.170981" elapsed="0.000000"/>
</kw>
<kw name="Set Global Variable" owner="BuiltIn">
<msg time="2024-09-19T16:42:39.172114" level="INFO">${requests_executed_value} = 3</msg>
<arg>${${status_key}_executed_value}</arg>
<arg>${executed_str}[0]</arg>
<doc>Makes a variable available globally in all tests and suites.</doc>
<status status="PASS" start="2024-09-19T16:42:39.170981" elapsed="0.001133"/>
</kw>
<kw name="Set Global Variable" owner="BuiltIn">
<msg time="2024-09-19T16:42:39.173120" level="INFO">${requests_failed_value} = 0</msg>
<arg>${${status_key}_failed_value}</arg>
<arg>${failed_str}[0]</arg>
<doc>Makes a variable available globally in all tests and suites.</doc>
<status status="PASS" start="2024-09-19T16:42:39.173120" elapsed="0.001001"/>
</kw>
<var name="${status_key}">requests</var>
<status status="PASS" start="2024-09-19T16:42:39.134152" elapsed="0.039969"/>
</iter>
<iter>
<kw name="Get Value From Json" owner="JSONLibrary">
<msg time="2024-09-19T16:42:39.198065" level="INFO">${executed} = [3]</msg>
<var>${executed}</var>
<arg>${stats}</arg>
<arg>$..${status_key}.total</arg>
<doc>Get Value From JSON using JSONPath</doc>
<status status="PASS" start="2024-09-19T16:42:39.174121" elapsed="0.023944"/>
</kw>
<kw name="Get Value From Json" owner="JSONLibrary">
<msg time="2024-09-19T16:42:39.233379" level="INFO">${failed} = [0]</msg>
<var>${failed}</var>
<arg>${stats}</arg>
<arg>$..${status_key}.failed</arg>
<doc>Get Value From JSON using JSONPath</doc>
<status status="PASS" start="2024-09-19T16:42:39.198065" elapsed="0.035314"/>
</kw>
<kw name="Convert To String" owner="BuiltIn">
<msg time="2024-09-19T16:42:39.233379" level="INFO">${executed_str} = 3</msg>
<var>${executed_str}</var>
<arg>${executed}[0]</arg>
<doc>Converts the given item to a Unicode string.</doc>
<status status="PASS" start="2024-09-19T16:42:39.233379" elapsed="0.000000"/>
</kw>
<kw name="Convert To String" owner="BuiltIn">
<msg time="2024-09-19T16:42:39.234697" level="INFO">${failed_str} = 0</msg>
<var>${failed_str}</var>
<arg>${failed}[0]</arg>
<doc>Converts the given item to a Unicode string.</doc>
<status status="PASS" start="2024-09-19T16:42:39.234371" elapsed="0.000326"/>
</kw>
<kw name="Set Global Variable" owner="BuiltIn">
<msg time="2024-09-19T16:42:39.235705" level="INFO">${testScripts_executed_value} = 3</msg>
<arg>${${status_key}_executed_value}</arg>
<arg>${executed_str}[0]</arg>
<doc>Makes a variable available globally in all tests and suites.</doc>
<status status="PASS" start="2024-09-19T16:42:39.234697" elapsed="0.001008"/>
</kw>
<kw name="Set Global Variable" owner="BuiltIn">
<msg time="2024-09-19T16:42:39.235705" level="INFO">${testScripts_failed_value} = 0</msg>
<arg>${${status_key}_failed_value}</arg>
<arg>${failed_str}[0]</arg>
<doc>Makes a variable available globally in all tests and suites.</doc>
<status status="PASS" start="2024-09-19T16:42:39.235705" elapsed="0.000000"/>
</kw>
<var name="${status_key}">testScripts</var>
<status status="PASS" start="2024-09-19T16:42:39.174121" elapsed="0.061584"/>
</iter>
<iter>
<kw name="Get Value From Json" owner="JSONLibrary">
<msg time="2024-09-19T16:42:39.252705" level="INFO">${executed} = [3]</msg>
<var>${executed}</var>
<arg>${stats}</arg>
<arg>$..${status_key}.total</arg>
<doc>Get Value From JSON using JSONPath</doc>
<status status="PASS" start="2024-09-19T16:42:39.236703" elapsed="0.016002"/>
</kw>
<kw name="Get Value From Json" owner="JSONLibrary">
<msg time="2024-09-19T16:42:39.270461" level="INFO">${failed} = [0]</msg>
<var>${failed}</var>
<arg>${stats}</arg>
<arg>$..${status_key}.failed</arg>
<doc>Get Value From JSON using JSONPath</doc>
<status status="PASS" start="2024-09-19T16:42:39.253705" elapsed="0.016756"/>
</kw>
<kw name="Convert To String" owner="BuiltIn">
<msg time="2024-09-19T16:42:39.270461" level="INFO">${executed_str} = 3</msg>
<var>${executed_str}</var>
<arg>${executed}[0]</arg>
<doc>Converts the given item to a Unicode string.</doc>
<status status="PASS" start="2024-09-19T16:42:39.270461" elapsed="0.000000"/>
</kw>
<kw name="Convert To String" owner="BuiltIn">
<msg time="2024-09-19T16:42:39.270461" level="INFO">${failed_str} = 0</msg>
<var>${failed_str}</var>
<arg>${failed}[0]</arg>
<doc>Converts the given item to a Unicode string.</doc>
<status status="PASS" start="2024-09-19T16:42:39.270461" elapsed="0.000000"/>
</kw>
<kw name="Set Global Variable" owner="BuiltIn">
<msg time="2024-09-19T16:42:39.271499" level="INFO">${prerequestScripts_executed_value} = 3</msg>
<arg>${${status_key}_executed_value}</arg>
<arg>${executed_str}[0]</arg>
<doc>Makes a variable available globally in all tests and suites.</doc>
<status status="PASS" start="2024-09-19T16:42:39.270461" elapsed="0.001038"/>
</kw>
<kw name="Set Global Variable" owner="BuiltIn">
<msg time="2024-09-19T16:42:39.272464" level="INFO">${prerequestScripts_failed_value} = 0</msg>
<arg>${${status_key}_failed_value}</arg>
<arg>${failed_str}[0]</arg>
<doc>Makes a variable available globally in all tests and suites.</doc>
<status status="PASS" start="2024-09-19T16:42:39.271499" elapsed="0.000965"/>
</kw>
<var name="${status_key}">prerequestScripts</var>
<status status="PASS" start="2024-09-19T16:42:39.236703" elapsed="0.035761"/>
</iter>
<iter>
<kw name="Get Value From Json" owner="JSONLibrary">
<msg time="2024-09-19T16:42:39.291448" level="INFO">${executed} = [0]</msg>
<var>${executed}</var>
<arg>${stats}</arg>
<arg>$..${status_key}.total</arg>
<doc>Get Value From JSON using JSONPath</doc>
<status status="PASS" start="2024-09-19T16:42:39.272464" elapsed="0.018984"/>
</kw>
<kw name="Get Value From Json" owner="JSONLibrary">
<msg time="2024-09-19T16:42:39.308740" level="INFO">${failed} = [0]</msg>
<var>${failed}</var>
<arg>${stats}</arg>
<arg>$..${status_key}.failed</arg>
<doc>Get Value From JSON using JSONPath</doc>
<status status="PASS" start="2024-09-19T16:42:39.291448" elapsed="0.017292"/>
</kw>
<kw name="Convert To String" owner="BuiltIn">
<msg time="2024-09-19T16:42:39.308740" level="INFO">${executed_str} = 0</msg>
<var>${executed_str}</var>
<arg>${executed}[0]</arg>
<doc>Converts the given item to a Unicode string.</doc>
<status status="PASS" start="2024-09-19T16:42:39.308740" elapsed="0.000000"/>
</kw>
<kw name="Convert To String" owner="BuiltIn">
<msg time="2024-09-19T16:42:39.308740" level="INFO">${failed_str} = 0</msg>
<var>${failed_str}</var>
<arg>${failed}[0]</arg>
<doc>Converts the given item to a Unicode string.</doc>
<status status="PASS" start="2024-09-19T16:42:39.308740" elapsed="0.000000"/>
</kw>
<kw name="Set Global Variable" owner="BuiltIn">
<msg time="2024-09-19T16:42:39.309745" level="INFO">${assertions_executed_value} = 0</msg>
<arg>${${status_key}_executed_value}</arg>
<arg>${executed_str}[0]</arg>
<doc>Makes a variable available globally in all tests and suites.</doc>
<status status="PASS" start="2024-09-19T16:42:39.308740" elapsed="0.001005"/>
</kw>
<kw name="Set Global Variable" owner="BuiltIn">
<msg time="2024-09-19T16:42:39.310736" level="INFO">${assertions_failed_value} = 0</msg>
<arg>${${status_key}_failed_value}</arg>
<arg>${failed_str}[0]</arg>
<doc>Makes a variable available globally in all tests and suites.</doc>
<status status="PASS" start="2024-09-19T16:42:39.309745" elapsed="0.000991"/>
</kw>
<var name="${status_key}">assertions</var>
<status status="PASS" start="2024-09-19T16:42:39.272464" elapsed="0.038272"/>
</iter>
<var>${status_key}</var>
<value>@{status}</value>
<status status="PASS" start="2024-09-19T16:42:39.094227" elapsed="0.216509"/>
</for>
<status status="PASS" start="2024-09-19T16:42:39.093229" elapsed="0.217507"/>
</kw>
<kw name="Verification of 'Executed' status from 'iterations, requests, testScripts, prerequest_scripts and assertions'">
<kw name="Should Be Equal" owner="BuiltIn">
<arg>${iterations_executed_value}</arg>
<arg>1</arg>
<doc>Fails if the given objects are unequal.</doc>
<status status="PASS" start="2024-09-19T16:42:39.311736" elapsed="0.000000"/>
</kw>
<kw name="Should Be Equal" owner="BuiltIn">
<arg>${requests_executed_value}</arg>
<arg>3</arg>
<doc>Fails if the given objects are unequal.</doc>
<status status="PASS" start="2024-09-19T16:42:39.311736" elapsed="0.000000"/>
</kw>
<kw name="Should Be Equal" owner="BuiltIn">
<arg>${testScripts_executed_value}</arg>
<arg>3</arg>
<doc>Fails if the given objects are unequal.</doc>
<status status="PASS" start="2024-09-19T16:42:39.312739" elapsed="0.000000"/>
</kw>
<kw name="Should Be Equal" owner="BuiltIn">
<arg>${prerequestScripts_executed_value}</arg>
<arg>3</arg>
<doc>Fails if the given objects are unequal.</doc>
<status status="PASS" start="2024-09-19T16:42:39.312739" elapsed="0.000000"/>
</kw>
<kw name="Should Be Equal" owner="BuiltIn">
<arg>${assertions_executed_value}</arg>
<arg>0</arg>
<doc>Fails if the given objects are unequal.</doc>
<status status="PASS" start="2024-09-19T16:42:39.312739" elapsed="0.000000"/>
</kw>
<status status="PASS" start="2024-09-19T16:42:39.311736" elapsed="0.001003"/>
</kw>
<kw name="Verification of 'Passed' status from 'iterations, requests, testScripts, prerequest_scripts and assertions'">
<kw name="Should Be Equal" owner="BuiltIn">
<arg>${iterations_failed_value}</arg>
<arg>0</arg>
<doc>Fails if the given objects are unequal.</doc>
<status status="PASS" start="2024-09-19T16:42:39.313736" elapsed="0.000000"/>
</kw>
<kw name="Should Be Equal" owner="BuiltIn">
<arg>${requests_failed_value}</arg>
<arg>0</arg>
<doc>Fails if the given objects are unequal.</doc>
<status status="PASS" start="2024-09-19T16:42:39.313736" elapsed="0.000000"/>
</kw>
<kw name="Should Be Equal" owner="BuiltIn">
<arg>${testScripts_failed_value}</arg>
<arg>0</arg>
<doc>Fails if the given objects are unequal.</doc>
<status status="PASS" start="2024-09-19T16:42:39.313736" elapsed="0.000000"/>
</kw>
<kw name="Should Be Equal" owner="BuiltIn">
<arg>${prerequestScripts_failed_value}</arg>
<arg>0</arg>
<doc>Fails if the given objects are unequal.</doc>
<status status="PASS" start="2024-09-19T16:42:39.313736" elapsed="0.000000"/>
</kw>
<kw name="Should Be Equal" owner="BuiltIn">
<arg>${assertions_failed_value}</arg>
<arg>0</arg>
<doc>Fails if the given objects are unequal.</doc>
<status status="PASS" start="2024-09-19T16:42:39.313736" elapsed="0.000000"/>
</kw>
<status status="PASS" start="2024-09-19T16:42:39.312739" elapsed="0.000997"/>
</kw>
<kw name="Extract 'inquiry_request' and compare 'request_value' from 'DDG-ST1-INQUIRY' file">
<kw name="Get Value From Json" owner="JSONLibrary">
<msg time="2024-09-19T16:42:39.329743" level="INFO">${body_list} = ['{\r\n    "inquiry_request": {\r\n        "credit_bic": "BOTHTHB1DDG",\r\n        "settlement_date": "2021-04-28"\r\n    }\r\n}']</msg>
<var>${body_list}</var>
<arg>${result_body}</arg>
<arg>$.collection.item[0].request.body.raw</arg>
<doc>Get Value From JSON using JSONPath</doc>
<status status="PASS" start="2024-09-19T16:42:39.314742" elapsed="0.015001"/>
</kw>
<kw name="Convert To String" owner="BuiltIn">
<msg time="2024-09-19T16:42:39.329743" level="INFO">${body} = {
    "inquiry_request": {
        "credit_bic": "BOTHTHB1DDG",
        "settlement_date": "2021-04-28"
    }
}</msg>
<var>${body}</var>
<arg>${body_list[0]}</arg>
<doc>Converts the given item to a Unicode string.</doc>
<status status="PASS" start="2024-09-19T16:42:39.329743" elapsed="0.000000"/>
</kw>
<kw name="Evaluate" owner="BuiltIn">
<msg time="2024-09-19T16:42:39.330740" level="INFO">${parsed_body} = {'inquiry_request': {'credit_bic': 'BOTHTHB1DDG', 'settlement_date': '2021-04-28'}}</msg>
<var>${parsed_body}</var>
<arg>json.loads('''${body}''')</arg>
<arg>json</arg>
<doc>Evaluates the given expression in Python and returns the result.</doc>
<status status="PASS" start="2024-09-19T16:42:39.330740" elapsed="0.000000"/>
</kw>
<kw name="Get Value From Json" owner="JSONLibrary">
<msg time="2024-09-19T16:42:39.347926" level="INFO">${credit_bic} = ['BOTHTHB1DDG']</msg>
<var>${credit_bic}</var>
<arg>${parsed_body}</arg>
<arg>$.inquiry_request.credit_bic</arg>
<doc>Get Value From JSON using JSONPath</doc>
<status status="PASS" start="2024-09-19T16:42:39.330740" elapsed="0.017186"/>
</kw>
<kw name="Convert To String" owner="BuiltIn">
<msg time="2024-09-19T16:42:39.347926" level="INFO">${credit_bic} = BOTHTHB1DDG</msg>
<var>${credit_bic}</var>
<arg>${credit_bic}[0]</arg>
<doc>Converts the given item to a Unicode string.</doc>
<status status="PASS" start="2024-09-19T16:42:39.347926" elapsed="0.000000"/>
</kw>
<kw name="Get Value From Json" owner="JSONLibrary">
<msg time="2024-09-19T16:42:39.363052" level="INFO">${settlement_date} = ['2021-04-28']</msg>
<var>${settlement_date}</var>
<arg>${parsed_body}</arg>
<arg>$.inquiry_request.settlement_date</arg>
<doc>Get Value From JSON using JSONPath</doc>
<status status="PASS" start="2024-09-19T16:42:39.347926" elapsed="0.015126"/>
</kw>
<kw name="Convert To String" owner="BuiltIn">
<msg time="2024-09-19T16:42:39.364053" level="INFO">${settlement_date} = 2021-04-28</msg>
<var>${settlement_date}</var>
<arg>${settlement_date}[0]</arg>
<doc>Converts the given item to a Unicode string.</doc>
<status status="PASS" start="2024-09-19T16:42:39.363052" elapsed="0.001001"/>
</kw>
<kw name="Log" owner="BuiltIn">
<msg time="2024-09-19T16:42:39.364053" level="INFO">Credit BIC: BOTHTHB1DDG</msg>
<arg>Credit BIC: ${credit_bic}</arg>
<doc>Logs the given message with the given level.</doc>
<status status="PASS" start="2024-09-19T16:42:39.364053" elapsed="0.000000"/>
</kw>
<kw name="Log" owner="BuiltIn">
<msg time="2024-09-19T16:42:39.364053" level="INFO">Settlement Date: 2021-04-28</msg>
<arg>Settlement Date: ${settlement_date}</arg>
<doc>Logs the given message with the given level.</doc>
<status status="PASS" start="2024-09-19T16:42:39.364053" elapsed="0.000000"/>
</kw>
<kw name="Should Be Equal" owner="BuiltIn">
<arg>${credit_bic}</arg>
<arg>BOTHTHB1DDG</arg>
<doc>Fails if the given objects are unequal.</doc>
<status status="PASS" start="2024-09-19T16:42:39.364053" elapsed="0.000000"/>
</kw>
<kw name="Should Be Equal" owner="BuiltIn">
<arg>${settlement_date}</arg>
<arg>2021-04-28</arg>
<doc>Fails if the given objects are unequal.</doc>
<status status="PASS" start="2024-09-19T16:42:39.364053" elapsed="0.001001"/>
</kw>
<status status="PASS" start="2024-09-19T16:42:39.314742" elapsed="0.050312"/>
</kw>
<status status="PASS" start="2024-09-19T16:42:28.499795" elapsed="10.866663"/>
</test>
<status status="PASS" start="2024-09-19T16:42:28.312295" elapsed="11.054163"/>
</suite>
<statistics>
<total>
<stat pass="1" fail="0" skip="0">All Tests</stat>
</total>
<tag>
</tag>
<suite>
<stat pass="1" fail="0" skip="0" id="s1" name="Poc 5 1 8">Poc 5 1 8</stat>
</suite>
</statistics>
<errors>
</errors>
</robot>
